This is XeTeX, Version 3.14159265-2.6-0.99998 (MiKTeX 2.9.6500 64-bit) (preloaded format=xelatex 2019.11.17)  2 APR 2020 19:19
entering extended mode
**./lab1.tex
(lab1.tex
LaTeX2e <2017-04-15>
Babel <3.15> and hyphenation patterns for 75 language(s) loaded.
("C:\Users\TS\AppData\Local\Programs\MiKTeX 2.9\tex\latex\base\article.cls"
Document Class: article 2014/09/29 v1.4h Standard LaTeX document class
("C:\Users\TS\AppData\Local\Programs\MiKTeX 2.9\tex\latex\base\size12.clo"
File: size12.clo 2014/09/29 v1.4h Standard LaTeX file (size option)
)
\c@part=\count79
\c@section=\count80
\c@subsection=\count81
\c@subsubsection=\count82
\c@paragraph=\count83
\c@subparagraph=\count84
\c@figure=\count85
\c@table=\count86
\abovecaptionskip=\skip41
\belowcaptionskip=\skip42
\bibindent=\dimen102
)
("C:\Users\TS\AppData\Local\Programs\MiKTeX 2.9\tex\latex\base\fontenc.sty"
Package: fontenc 2017/04/05 v2.0i Standard LaTeX package

("C:\Users\TS\AppData\Local\Programs\MiKTeX 2.9\tex\latex\cyrillic\t2aenc.def"
File: t2aenc.def 2005/09/27 v1.0i Cyrillic encoding definition file
)
LaTeX Font Info:    Try loading font information for T2A+lmr on input line 105.

LaTeX Font Info:    No file T2Almr.fd. on input line 105.
LaTeX Font Info:    Try loading font information for T2A+cmr on input line 105.

("C:\Users\TS\AppData\Local\Programs\MiKTeX 2.9\tex\latex\cyrillic\t2acmr.fd"
File: t2acmr.fd 2001/08/11 v1.0a Computer Modern Cyrillic font definitions
)

LaTeX Font Warning: Font shape `T2A/lmr/m/n' undefined
(Font)              using `T2A/cmr/m/n' instead on input line 105.

)
("C:\Users\TS\AppData\Local\Programs\MiKTeX 2.9\tex\latex\fontspec\fontspec.sty
"
("C:\Users\TS\AppData\Local\Programs\MiKTeX 2.9\tex\latex\l3packages\xparse\xpa
rse.sty"
("C:\Users\TS\AppData\Local\Programs\MiKTeX 2.9\tex\latex\l3kernel\expl3.sty"
Package: expl3 2018/03/05 L3 programming layer (loader) 

("C:\Users\TS\AppData\Local\Programs\MiKTeX 2.9\tex\latex\l3kernel\expl3-code.t
ex"
Package: expl3 2018/03/05 L3 programming layer (code)
\c_max_int=\count87
\l_tmpa_int=\count88
\l_tmpb_int=\count89
\g_tmpa_int=\count90
\g_tmpb_int=\count91
\g__intarray_font_int=\count92
\g__prg_map_int=\count93
\c_log_iow=\count94
\l_iow_line_count_int=\count95
\l__iow_line_target_int=\count96
\l__iow_one_indent_int=\count97
\l__iow_indent_int=\count98
\c_zero_dim=\dimen103
\c_max_dim=\dimen104
\l_tmpa_dim=\dimen105
\l_tmpb_dim=\dimen106
\g_tmpa_dim=\dimen107
\g_tmpb_dim=\dimen108
\c_zero_skip=\skip43
\c_max_skip=\skip44
\l_tmpa_skip=\skip45
\l_tmpb_skip=\skip46
\g_tmpa_skip=\skip47
\g_tmpb_skip=\skip48
\c_zero_muskip=\muskip10
\c_max_muskip=\muskip11
\l_tmpa_muskip=\muskip12
\l_tmpb_muskip=\muskip13
\g_tmpa_muskip=\muskip14
\g_tmpb_muskip=\muskip15
\l_keys_choice_int=\count99
\c__fp_leading_shift_int=\count100
\c__fp_middle_shift_int=\count101
\c__fp_trailing_shift_int=\count102
\c__fp_big_leading_shift_int=\count103
\c__fp_big_middle_shift_int=\count104
\c__fp_big_trailing_shift_int=\count105
\c__fp_Bigg_leading_shift_int=\count106
\c__fp_Bigg_middle_shift_int=\count107
\c__fp_Bigg_trailing_shift_int=\count108
\l__sort_length_int=\count109
\l__sort_min_int=\count110
\l__sort_top_int=\count111
\l__sort_max_int=\count112
\l__sort_true_max_int=\count113
\l__sort_block_int=\count114
\l__sort_begin_int=\count115
\l__sort_end_int=\count116
\l__sort_A_int=\count117
\l__sort_B_int=\count118
\l__sort_C_int=\count119
\l__tl_build_start_index_int=\count120
\l__tl_build_index_int=\count121
\l__tl_analysis_normal_int=\count122
\l__tl_analysis_index_int=\count123
\l__tl_analysis_nesting_int=\count124
\l__tl_analysis_type_int=\count125
\l__regex_internal_a_int=\count126
\l__regex_internal_b_int=\count127
\l__regex_internal_c_int=\count128
\l__regex_balance_int=\count129
\l__regex_group_level_int=\count130
\l__regex_mode_int=\count131
\c__regex_cs_in_class_mode_int=\count132
\c__regex_cs_mode_int=\count133
\l__regex_catcodes_int=\count134
\l__regex_default_catcodes_int=\count135
\c__regex_catcode_L_int=\count136
\c__regex_catcode_O_int=\count137
\c__regex_catcode_A_int=\count138
\c__regex_all_catcodes_int=\count139
\l__regex_show_lines_int=\count140
\l__regex_min_state_int=\count141
\l__regex_max_state_int=\count142
\l__regex_left_state_int=\count143
\l__regex_right_state_int=\count144
\l__regex_capturing_group_int=\count145
\l__regex_min_pos_int=\count146
\l__regex_max_pos_int=\count147
\l__regex_curr_pos_int=\count148
\l__regex_start_pos_int=\count149
\l__regex_success_pos_int=\count150
\l__regex_curr_char_int=\count151
\l__regex_curr_catcode_int=\count152
\l__regex_last_char_int=\count153
\l__regex_case_changed_char_int=\count154
\l__regex_curr_state_int=\count155
\l__regex_step_int=\count156
\l__regex_min_active_int=\count157
\l__regex_max_active_int=\count158
\l__regex_replacement_csnames_int=\count159
\l__regex_match_count_int=\count160
\l__regex_min_submatch_int=\count161
\l__regex_submatch_int=\count162
\l__regex_zeroth_submatch_int=\count163
\g__regex_trace_regex_int=\count164
\c_empty_box=\box26
\l_tmpa_box=\box27
\l_tmpb_box=\box28
\g_tmpa_box=\box29
\g_tmpb_box=\box30
\l__box_top_dim=\dimen109
\l__box_bottom_dim=\dimen110
\l__box_left_dim=\dimen111
\l__box_right_dim=\dimen112
\l__box_top_new_dim=\dimen113
\l__box_bottom_new_dim=\dimen114
\l__box_left_new_dim=\dimen115
\l__box_right_new_dim=\dimen116
\l__box_internal_box=\box31
\l__coffin_internal_box=\box32
\l__coffin_internal_dim=\dimen117
\l__coffin_offset_x_dim=\dimen118
\l__coffin_offset_y_dim=\dimen119
\l__coffin_x_dim=\dimen120
\l__coffin_y_dim=\dimen121
\l__coffin_x_prime_dim=\dimen122
\l__coffin_y_prime_dim=\dimen123
\c_empty_coffin=\box33
\l__coffin_aligned_coffin=\box34
\l__coffin_aligned_internal_coffin=\box35
\l_tmpa_coffin=\box36
\l_tmpb_coffin=\box37
\l__coffin_display_coffin=\box38
\l__coffin_display_coord_coffin=\box39
\l__coffin_display_pole_coffin=\box40
\l__coffin_display_offset_dim=\dimen124
\l__coffin_display_x_dim=\dimen125
\l__coffin_display_y_dim=\dimen126
\l__coffin_bounding_shift_dim=\dimen127
\l__coffin_left_corner_dim=\dimen128
\l__coffin_right_corner_dim=\dimen129
\l__coffin_bottom_corner_dim=\dimen130
\l__coffin_top_corner_dim=\dimen131
\l__coffin_scaled_total_height_dim=\dimen132
\l__coffin_scaled_width_dim=\dimen133
)
("C:\Users\TS\AppData\Local\Programs\MiKTeX 2.9\tex\latex\l3kernel\l3xdvipdfmx.
def"
File: l3xdvidpfmx.def 2017/03/18 v L3 Experimental driver: xdvipdfmx
\g__driver_image_int=\count165
))
Package: xparse 2018/02/21 L3 Experimental document command parser
\l__xparse_current_arg_int=\count166
\g__xparse_grabber_int=\count167
\l__xparse_m_args_int=\count168
\l__xparse_mandatory_args_int=\count169
\l__xparse_v_nesting_int=\count170
)
Package: fontspec 2017/11/05 v2.6f Font selection for XeLaTeX and LuaLaTeX

("C:\Users\TS\AppData\Local\Programs\MiKTeX 2.9\tex\latex\fontspec\fontspec-xet
ex.sty"
Package: fontspec-xetex 2017/11/05 v2.6f Font selection for XeLaTeX and LuaLaTe
X
\l__fontspec_script_int=\count171
\l__fontspec_language_int=\count172
\l__fontspec_strnum_int=\count173
\l__fontspec_tmp_int=\count174
\l__fontspec_em_int=\count175
\l__fontspec_emdef_int=\count176
\l__fontspec_strong_int=\count177
\l__fontspec_strongdef_int=\count178
\l__fontspec_tmpa_dim=\dimen134
\l__fontspec_tmpb_dim=\dimen135
\l__fontspec_tmpc_dim=\dimen136

*************************************************
* fontspec warning: "cm-default-obsolete"
* 
* The "cm-default" package option is obsolete.
*************************************************
\g__file_internal_ior=\read1
("C:\Users\TS\AppData\Local\Programs\MiKTeX 2.9\tex\latex\base\fontenc.sty"
Package: fontenc 2017/04/05 v2.0i Standard LaTeX package

("C:\Users\TS\AppData\Local\Programs\MiKTeX 2.9\tex\latex\base\tuenc.def"
File: tuenc.def 2017/04/05 v2.0i Standard LaTeX file
LaTeX Font Info:    Redeclaring font encoding TU on input line 82.
))
.................................................
. LaTeX info: "xparse/define-command"
. 
. Defining command \fontspec with sig. 'O{}mO{}' on line 546.
.................................................
.................................................
. LaTeX info: "xparse/define-command"
. 
. Defining command \setmainfont with sig. 'O{}mO{}' on line 550.
.................................................
.................................................
. LaTeX info: "xparse/define-command"
. 
. Defining command \setsansfont with sig. 'O{}mO{}' on line 554.
.................................................
.................................................
. LaTeX info: "xparse/define-command"
. 
. Defining command \setmonofont with sig. 'O{}mO{}' on line 558.
.................................................
.................................................
. LaTeX info: "xparse/define-command"
. 
. Defining command \setmathrm with sig. 'O{}mO{}' on line 562.
.................................................
.................................................
. LaTeX info: "xparse/define-command"
. 
. Defining command \setboldmathrm with sig. 'O{}mO{}' on line 566.
.................................................
.................................................
. LaTeX info: "xparse/define-command"
. 
. Defining command \setmathsf with sig. 'O{}mO{}' on line 570.
.................................................
.................................................
. LaTeX info: "xparse/define-command"
. 
. Defining command \setmathtt with sig. 'O{}mO{}' on line 574.
.................................................
.................................................
. LaTeX info: "xparse/define-command"
. 
. Defining command \setromanfont with sig. 'O{}mO{}' on line 578.
.................................................
.................................................
. LaTeX info: "xparse/define-command"
. 
. Defining command \newfontfamily with sig. 'mO{}mO{}' on line 582.
.................................................
.................................................
. LaTeX info: "xparse/define-command"
. 
. Defining command \newfontface with sig. 'mO{}mO{}' on line 586.
.................................................
.................................................
. LaTeX info: "xparse/define-command"
. 
. Defining command \defaultfontfeatures with sig. 't+om' on line 590.
.................................................
.................................................
. LaTeX info: "xparse/define-command"
. 
. Defining command \addfontfeatures with sig. 'm' on line 594.
.................................................
.................................................
. LaTeX info: "xparse/define-command"
. 
. Defining command \addfontfeature with sig. 'm' on line 598.
.................................................
.................................................
. LaTeX info: "xparse/define-command"
. 
. Defining command \newfontfeature with sig. 'mm' on line 602.
.................................................
.................................................
. LaTeX info: "xparse/define-command"
. 
. Defining command \newAATfeature with sig. 'mmmm' on line 606.
.................................................
.................................................
. LaTeX info: "xparse/define-command"
. 
. Defining command \newopentypefeature with sig. 'mmm' on line 610.
.................................................
.................................................
. LaTeX info: "xparse/define-command"
. 
. Defining command \newICUfeature with sig. 'mmm' on line 614.
.................................................
.................................................
. LaTeX info: "xparse/define-command"
. 
. Defining command \aliasfontfeature with sig. 'mm' on line 618.
.................................................
.................................................
. LaTeX info: "xparse/define-command"
. 
. Defining command \aliasfontfeatureoption with sig. 'mmm' on line 622.
.................................................
.................................................
. LaTeX info: "xparse/define-command"
. 
. Defining command \newfontscript with sig. 'mm' on line 626.
.................................................
.................................................
. LaTeX info: "xparse/define-command"
. 
. Defining command \newfontlanguage with sig. 'mm' on line 630.
.................................................
.................................................
. LaTeX info: "xparse/define-command"
. 
. Defining command \DeclareFontsExtensions with sig. 'm' on line 634.
.................................................
.................................................
. LaTeX info: "xparse/define-command"
. 
. Defining command \IfFontFeatureActiveTF with sig. 'mmm' on line 638.
.................................................
.................................................
. LaTeX info: "xparse/define-command"
. 
. Defining command \EncodingCommand with sig. 'mO{}m' on line 3636.
.................................................
.................................................
. LaTeX info: "xparse/define-command"
. 
. Defining command \EncodingAccent with sig. 'mm' on line 3642.
.................................................
.................................................
. LaTeX info: "xparse/define-command"
. 
. Defining command \EncodingSymbol with sig. 'mm' on line 3648.
.................................................
.................................................
. LaTeX info: "xparse/define-command"
. 
. Defining command \EncodingComposite with sig. 'mmm' on line 3654.
.................................................
.................................................
. LaTeX info: "xparse/define-command"
. 
. Defining command \EncodingCompositeCommand with sig. 'mmm' on line 3660.
.................................................
.................................................
. LaTeX info: "xparse/define-command"
. 
. Defining command \DeclareUnicodeEncoding with sig. 'mm' on line 3685.
.................................................
.................................................
. LaTeX info: "xparse/define-command"
. 
. Defining command \UndeclareSymbol with sig. 'm' on line 3691.
.................................................
.................................................
. LaTeX info: "xparse/define-command"
. 
. Defining command \UndeclareAccent with sig. 'm' on line 3697.
.................................................
.................................................
. LaTeX info: "xparse/define-command"
. 
. Defining command \UndeclareCommand with sig. 'm' on line 3703.
.................................................
.................................................
. LaTeX info: "xparse/define-command"
. 
. Defining command \UndeclareComposite with sig. 'mm' on line 3710.
.................................................

("C:\Users\TS\AppData\Local\Programs\MiKTeX 2.9\tex\latex\fontspec\fontspec.cfg
")
LaTeX Info: Redefining \itshape on input line 3895.
LaTeX Info: Redefining \slshape on input line 3900.
LaTeX Info: Redefining \scshape on input line 3905.
LaTeX Info: Redefining \upshape on input line 3910.
LaTeX Info: Redefining \em on input line 3940.
LaTeX Info: Redefining \emph on input line 3965.
LaTeX Info: Redefining \- on input line 4019.
.................................................
. LaTeX info: "xparse/redefine-command"
. 
. Redefining command \oldstylenums with sig. 'm' on line 4114.
.................................................
.................................................
. LaTeX info: "xparse/define-command"
. 
. Defining command \liningnums with sig. 'm' on line 4118.
.................................................
))
("C:\Users\TS\AppData\Local\Programs\MiKTeX 2.9\tex\xelatex\xunicode\xunicode.s
ty"
File: xunicode.sty 2011/09/09 v0.981 provides access to latin accents and many 
other characters in Unicode lower plane
 ("C:\Users\TS\AppData\Local\Programs\MiKTeX 2.9\tex\latex\tipa\t3enc.def"
File: t3enc.def 2001/12/31 T3 encoding
)
\tipaTiiicode=\count179
\tipasavetokens=\toks14
\tipachecktokens=\toks15

("C:\Users\TS\AppData\Local\Programs\MiKTeX 2.9\tex\latex\graphics\graphicx.sty
"
Package: graphicx 2017/06/01 v1.1a Enhanced LaTeX Graphics (DPC,SPQR)
 ("C:\Users\TS\AppData\Local\Programs\MiKTeX 2.9\tex\latex\graphics\keyval.sty"
Package: keyval 2014/10/28 v1.15 key=value parser (DPC)
\KV@toks@=\toks16
)
("C:\Users\TS\AppData\Local\Programs\MiKTeX 2.9\tex\latex\graphics\graphics.sty
"
Package: graphics 2017/06/25 v1.2c Standard LaTeX Graphics (DPC,SPQR)
 ("C:\Users\TS\AppData\Local\Programs\MiKTeX 2.9\tex\latex\graphics\trig.sty"
Package: trig 2016/01/03 v1.10 sin cos tan (DPC)
)
("C:\Users\TS\AppData\Local\Programs\MiKTeX 2.9\tex\latex\graphics-cfg\graphics
.cfg"
File: graphics.cfg 2016/06/04 v1.11 sample graphics configuration
)
Package graphics Info: Driver file: xetex.def on input line 99.

("C:\Users\TS\AppData\Local\Programs\MiKTeX 2.9\tex\latex\graphics-def\xetex.de
f"
File: xetex.def 2017/06/24 v5.0h Graphics/color driver for xetex
))
\Gin@req@height=\dimen137
\Gin@req@width=\dimen138
))
("C:\Users\TS\AppData\Local\Programs\MiKTeX 2.9\tex\latex\xltxtra\xltxtra.sty"
Package: xltxtra 2016/01/21 v0.6 Improvements for the "XeLaTeX" format

("C:\Users\TS\AppData\Local\Programs\MiKTeX 2.9\tex\generic\oberdiek\ifluatex.s
ty"
Package: ifluatex 2016/05/16 v1.4 Provides the ifluatex switch (HO)
Package ifluatex Info: LuaTeX not detected.
)
("C:\Users\TS\AppData\Local\Programs\MiKTeX 2.9\tex\generic\ifxetex\ifxetex.sty
"
Package: ifxetex 2010/09/12 v0.6 Provides ifxetex conditional
)
("C:\Users\TS\AppData\Local\Programs\MiKTeX 2.9\tex\latex\realscripts\realscrip
ts.sty"
Package: realscripts 2016/02/13 v0.3d Access OpenType subscripts and superscrip
ts
.................................................
. LaTeX info: "xparse/define-command"
. 
. Defining command \fakesubscript with sig. 'm' on line 19.
.................................................
.................................................
. LaTeX info: "xparse/define-command"
. 
. Defining command \fakesuperscript with sig. 'm' on line 22.
.................................................
.................................................
. LaTeX info: "xparse/redefine-command"
. 
. Redefining command \textsubscript with sig. 's' on line 25.
.................................................
.................................................
. LaTeX info: "xparse/redefine-command"
. 
. Redefining command \textsuperscript with sig. 's' on line 28.
.................................................
.................................................
. LaTeX info: "xparse/define-command"
. 
. Defining command \realsubscript with sig. 'm' on line 45.
.................................................
.................................................
. LaTeX info: "xparse/define-command"
. 
. Defining command \realsuperscript with sig. 'm' on line 60.
.................................................
.................................................
. LaTeX info: "xparse/define-command"
. 
. Defining command \textsubsuperscript with sig. 'sO{l}mm' on line 138.
.................................................
.................................................
. LaTeX info: "xparse/define-command"
. 
. Defining command \textsupersubscript with sig. 'sO{l}mm' on line 143.
.................................................
\subsupersep=\dimen139
)
("C:\Users\TS\AppData\Local\Programs\MiKTeX 2.9\tex\latex\metalogo\metalogo.sty
"
Package: metalogo 2010/05/29 v0.12 Extended TeX logo macros
\xl@everylogo=\toks17
\xl@@everylogo=\toks18
LaTeX Info: Redefining \TeX on input line 193.
LaTeX Info: Redefining \LaTeX on input line 202.
LaTeX Info: Redefining \LaTeXe on input line 219.
)
\l__xetex_show_hyphens_wrapping_box=\box41
\l__xetex_show_hyphens_temp_box=\box42
\l__xetex_show_hyphens_final_box=\box43
\g__xetex_show_hyphens_word_box=\box44
)
("C:\Users\TS\AppData\Local\Programs\MiKTeX 2.9\tex\latex\tools\indentfirst.sty
"
Package: indentfirst 1995/11/23 v1.03 Indent first paragraph (DPC)
)
("C:\Users\TS\AppData\Local\Programs\MiKTeX 2.9\tex\latex\hyperref\hyperref.sty
"
Package: hyperref 2017/03/14 v6.85a Hypertext links for LaTeX

("C:\Users\TS\AppData\Local\Programs\MiKTeX 2.9\tex\generic\oberdiek\hobsub-hyp
erref.sty"
Package: hobsub-hyperref 2016/05/16 v1.14 Bundle oberdiek, subset hyperref (HO)


("C:\Users\TS\AppData\Local\Programs\MiKTeX 2.9\tex\generic\oberdiek\hobsub-gen
eric.sty"
Package: hobsub-generic 2016/05/16 v1.14 Bundle oberdiek, subset generic (HO)
Package: hobsub 2016/05/16 v1.14 Construct package bundles (HO)
Package: infwarerr 2016/05/16 v1.4 Providing info/warning/error messages (HO)
Package: ltxcmds 2016/05/16 v1.23 LaTeX kernel commands for general use (HO)
Package hobsub Info: Skipping package `ifluatex' (already loaded).
Package: ifvtex 2016/05/16 v1.6 Detect VTeX and its facilities (HO)
Package ifvtex Info: VTeX not detected.
Package: intcalc 2016/05/16 v1.2 Expandable calculations with integers (HO)
Package: ifpdf 2017/03/15 v3.2 Provides the ifpdf switch
Package: etexcmds 2016/05/16 v1.6 Avoid name clashes with e-TeX commands (HO)
Package etexcmds Info: Could not find \expanded.
(etexcmds)             That can mean that you are not using pdfTeX 1.50 or
(etexcmds)             that some package has redefined \expanded.
(etexcmds)             In the latter case, load this package earlier.
Package: kvsetkeys 2016/05/16 v1.17 Key value parser (HO)
Package: kvdefinekeys 2016/05/16 v1.4 Define keys (HO)
Package: pdftexcmds 2017/03/19 v0.25 Utility functions of pdfTeX for LuaTeX (HO
)
Package pdftexcmds Info: LuaTeX not detected.
Package pdftexcmds Info: pdfTeX >= 1.30 not detected.
Package pdftexcmds Info: \pdf@primitive is available.
Package pdftexcmds Info: \pdf@ifprimitive is available.
Package pdftexcmds Info: \pdfdraftmode not found.
Package: pdfescape 2016/05/16 v1.14 Implements pdfTeX's escape features (HO)
Package: bigintcalc 2016/05/16 v1.4 Expandable calculations on big integers (HO
)
Package: bitset 2016/05/16 v1.2 Handle bit-vector datatype (HO)
Package: uniquecounter 2016/05/16 v1.3 Provide unlimited unique counter (HO)
)
Package hobsub Info: Skipping package `hobsub' (already loaded).
Package: letltxmacro 2016/05/16 v1.5 Let assignment for LaTeX macros (HO)
Package: hopatch 2016/05/16 v1.3 Wrapper for package hooks (HO)
Package: xcolor-patch 2016/05/16 xcolor patch
Package: atveryend 2016/05/16 v1.9 Hooks at the very end of document (HO)
Package atveryend Info: \enddocument detected (standard20110627).
Package: atbegshi 2016/06/09 v1.18 At begin shipout hook (HO)
Package: refcount 2016/05/16 v3.5 Data extraction from label references (HO)
Package: hycolor 2016/05/16 v1.8 Color options for hyperref/bookmark (HO)
)
("C:\Users\TS\AppData\Local\Programs\MiKTeX 2.9\tex\latex\oberdiek\auxhook.sty"
Package: auxhook 2016/05/16 v1.4 Hooks for auxiliary files (HO)
)
("C:\Users\TS\AppData\Local\Programs\MiKTeX 2.9\tex\latex\oberdiek\kvoptions.st
y"
Package: kvoptions 2016/05/16 v3.12 Key value format for package options (HO)
)
\@linkdim=\dimen140
\Hy@linkcounter=\count180
\Hy@pagecounter=\count181

("C:\Users\TS\AppData\Local\Programs\MiKTeX 2.9\tex\latex\hyperref\pd1enc.def"
File: pd1enc.def 2017/03/14 v6.85a Hyperref: PDFDocEncoding definition (HO)
)
\Hy@SavedSpaceFactor=\count182
("C:\Users\TS\AppData\Local\Programs\MiKTeX 2.9\tex\latex\00miktex\hyperref.cfg
"
File: hyperref.cfg 2002/06/06 v1.2 hyperref configuration of TeXLive
)
Package hyperref Info: Option `unicode' set `true' on input line 4374.
 ("C:\Users\TS\AppData\Local\Programs\MiKTeX 2.9\tex\latex\hyperref\puenc.def"
File: puenc.def 2017/03/14 v6.85a Hyperref: PDF Unicode definition (HO)
)
Package hyperref Info: Hyper figures OFF on input line 4498.
Package hyperref Info: Link nesting OFF on input line 4503.
Package hyperref Info: Hyper index ON on input line 4506.
Package hyperref Info: Plain pages OFF on input line 4513.
Package hyperref Info: Backreferencing OFF on input line 4518.
Package hyperref Info: Implicit mode ON; LaTeX internals redefined.
Package hyperref Info: Bookmarks ON on input line 4751.
\c@Hy@tempcnt=\count183
 ("C:\Users\TS\AppData\Local\Programs\MiKTeX 2.9\tex\latex\url\url.sty"
\Urlmuskip=\muskip16
Package: url 2013/09/16  ver 3.4  Verb mode for urls, etc.
)
LaTeX Info: Redefining \url on input line 5104.
\XeTeXLinkMargin=\dimen141
\Fld@menulength=\count184
\Field@Width=\dimen142
\Fld@charsize=\dimen143
Package hyperref Info: Hyper figures OFF on input line 6358.
Package hyperref Info: Link nesting OFF on input line 6363.
Package hyperref Info: Hyper index ON on input line 6366.
Package hyperref Info: backreferencing OFF on input line 6373.
Package hyperref Info: Link coloring OFF on input line 6378.
Package hyperref Info: Link coloring with OCG OFF on input line 6383.
Package hyperref Info: PDF/A mode OFF on input line 6388.
LaTeX Info: Redefining \ref on input line 6428.
LaTeX Info: Redefining \pageref on input line 6432.
\Hy@abspage=\count185
\c@Item=\count186
\c@Hfootnote=\count187
)

Package hyperref Message: Driver (autodetected): hxetex.

("C:\Users\TS\AppData\Local\Programs\MiKTeX 2.9\tex\latex\hyperref\hxetex.def"
File: hxetex.def 2017/03/14 v6.85a Hyperref driver for XeTeX

("C:\Users\TS\AppData\Local\Programs\MiKTeX 2.9\tex\generic\oberdiek\stringenc.
sty"
Package: stringenc 2016/05/16 v1.11 Convert strings between diff. encodings (HO
)
)
\pdfm@box=\box45
\c@Hy@AnnotLevel=\count188
\HyField@AnnotCount=\count189
\Fld@listcount=\count190
\c@bookmark@seq@number=\count191

("C:\Users\TS\AppData\Local\Programs\MiKTeX 2.9\tex\latex\oberdiek\rerunfileche
ck.sty"
Package: rerunfilecheck 2016/05/16 v1.8 Rerun checks for auxiliary files (HO)
Package rerunfilecheck Info: Feature \pdfmdfivesum is not available
(rerunfilecheck)             (e.g. pdfTeX or LuaTeX with package `pdftexcmds').

(rerunfilecheck)             Therefore file contents cannot be checked efficien
tly
(rerunfilecheck)             and the loading of the package is aborted.
)
\Hy@SectionHShift=\skip49
)
("C:\Users\TS\AppData\Local\Programs\MiKTeX 2.9\tex\latex\base\inputenc.sty"
Package: inputenc 2015/03/17 v1.2c Input encoding file
\inpenc@prehook=\toks19
\inpenc@posthook=\toks20


Package inputenc Warning: inputenc package ignored with utf8 based engines.

) ("C:\Users\TS\AppData\Local\Programs\MiKTeX 2.9\tex\generic\babel\babel.sty"
Package: babel 2017/11/03 3.15 The Babel package

("C:\Users\TS\AppData\Local\Programs\MiKTeX 2.9\tex\generic\babel\switch.def"
File: switch.def 2017/11/03 3.15 Babel switching mechanism
)
*************************************
* Local config file bblopts.cfg used
*
("C:\Users\TS\AppData\Local\Programs\MiKTeX 2.9\tex\latex\arabi\bblopts.cfg"
File: bblopts.cfg 2005/09/08 v0.1 add Arabic and Farsi to "declared" options of
 babel
)
("C:\Users\TS\AppData\Local\Programs\MiKTeX 2.9\tex\latex\babel-russian\russian
b.ldf"
Language: russian 2017/08/12 1.3j Russian support for the Babel system

("C:\Users\TS\AppData\Local\Programs\MiKTeX 2.9\tex\generic\babel\babel.def"
File: babel.def 2017/11/03 3.15 Babel common definitions

("C:\Users\TS\AppData\Local\Programs\MiKTeX 2.9\tex\generic\babel\switch.def"
File: switch.def 2017/11/03 3.15 Babel switching mechanism
)
\babel@savecnt=\count192
\U@D=\dimen144

("C:\Users\TS\AppData\Local\Programs\MiKTeX 2.9\tex\generic\babel\xebabel.def")
\bbl@dirlevel=\count193
)
Package babel Info: Making " an active character on input line 120.
Package babel Info: Default for \cyrdash is provided on input line 157.
)) ("C:\Users\TS\AppData\Local\Programs\MiKTeX 2.9\tex\latex\svg\svg.sty"
Package: svg 2017/11/29 v2.01 (include SVG pictures)

("C:\Users\TS\AppData\Local\Programs\MiKTeX 2.9\tex\latex\koma-script\scrbase.s
ty"
Package: scrbase 2017/09/07 v3.24 KOMA-Script package (KOMA-Script-independent 
basics and keyval usage)

("C:\Users\TS\AppData\Local\Programs\MiKTeX 2.9\tex\latex\koma-script\scrlfile.
sty"
Package: scrlfile 2017/09/07 v3.24 KOMA-Script package (loading files)
))
("C:\Users\TS\AppData\Local\Programs\MiKTeX 2.9\tex\latex\tools\shellesc.sty"
Package: shellesc 2016/06/07 v0.02a unified shell escape interface for LaTeX
Package shellesc Info: Restricted shell escape enabled on input line 69.
)
\c@svg@param@lastpage=\count194


! LaTeX Error: Unknown option `clean' for package `svg'.

See the LaTeX manual or LaTeX Companion for explanation.
Type  H <return>  for immediate help.
 ...                                              
                                                  
l.529 \FamilyProcessOptions{SVG}
                                
The option `clean' was not declared in package `svg', perhaps you
misspelled its name. Try typing  <return>  to proceed.


! LaTeX Error: Unknown option `pdf' for package `svg'.

See the LaTeX manual or LaTeX Companion for explanation.
Type  H <return>  for immediate help.
 ...                                              
                                                  
l.529 \FamilyProcessOptions{SVG}
                                
The option `pdf' was not declared in package `svg', perhaps you
misspelled its name. Try typing  <return>  to proceed.

\c@svg@param@currpage=\count195
) ("C:\Users\TS\AppData\Local\Programs\MiKTeX 2.9\tex\latex\xcolor\xcolor.sty"
Package: xcolor 2016/05/11 v2.12 LaTeX color extensions (UK)

("C:\Users\TS\AppData\Local\Programs\MiKTeX 2.9\tex\latex\graphics-cfg\color.cf
g"
File: color.cfg 2016/01/02 v1.6 sample color configuration
)
Package xcolor Info: Driver file: xetex.def on input line 225.
Package xcolor Info: Model `cmy' substituted by `cmy0' on input line 1348.
Package xcolor Info: Model `RGB' extended on input line 1364.
Package xcolor Info: Model `HTML' substituted by `rgb' on input line 1366.
Package xcolor Info: Model `Hsb' substituted by `hsb' on input line 1367.
Package xcolor Info: Model `tHsb' substituted by `hsb' on input line 1368.
Package xcolor Info: Model `HSB' substituted by `hsb' on input line 1369.
Package xcolor Info: Model `Gray' substituted by `gray' on input line 1370.
Package xcolor Info: Model `wave' substituted by `hsb' on input line 1371.
)
("C:\Users\TS\AppData\Local\Programs\MiKTeX 2.9\tex\latex\oberdiek\transparent.
sty"
Package: transparent 2016/05/16 v1.1 Transparency via pdfTeX's color stack (HO)



Package transparent Warning: Loading aborted, because pdfTeX is not running in 
PDF mode.

) ("C:\Users\TS\AppData\Local\Programs\MiKTeX 2.9\tex\latex\amsmath\amsmath.sty
"
Package: amsmath 2017/09/02 v2.17a AMS math features
\@mathmargin=\skip50

For additional information on amsmath, use the `?' option.
("C:\Users\TS\AppData\Local\Programs\MiKTeX 2.9\tex\latex\amsmath\amstext.sty"
Package: amstext 2000/06/29 v2.01 AMS text

("C:\Users\TS\AppData\Local\Programs\MiKTeX 2.9\tex\latex\amsmath\amsgen.sty"
File: amsgen.sty 1999/11/30 v2.0 generic functions
\@emptytoks=\toks21
\ex@=\dimen145
)) ("C:\Users\TS\AppData\Local\Programs\MiKTeX 2.9\tex\latex\amsmath\amsbsy.sty
"
Package: amsbsy 1999/11/29 v1.2d Bold Symbols
\pmbraise@=\dimen146
) ("C:\Users\TS\AppData\Local\Programs\MiKTeX 2.9\tex\latex\amsmath\amsopn.sty"
Package: amsopn 2016/03/08 v2.02 operator names
)
\inf@bad=\count196
LaTeX Info: Redefining \frac on input line 213.
\uproot@=\count197
\leftroot@=\count198
LaTeX Info: Redefining \overline on input line 375.
\classnum@=\count199
\DOTSCASE@=\count266
LaTeX Info: Redefining \ldots on input line 472.
LaTeX Info: Redefining \dots on input line 475.
LaTeX Info: Redefining \cdots on input line 596.
\Mathstrutbox@=\box46
\strutbox@=\box47
\big@size=\dimen147
LaTeX Font Info:    Redeclaring font encoding OML on input line 712.
LaTeX Font Info:    Redeclaring font encoding OMS on input line 713.
\macc@depth=\count267
\c@MaxMatrixCols=\count268
\dotsspace@=\muskip17
\c@parentequation=\count269
\dspbrk@lvl=\count270
\tag@help=\toks22
\row@=\count271
\column@=\count272
\maxfields@=\count273
\andhelp@=\toks23
\eqnshift@=\dimen148
\alignsep@=\dimen149
\tagshift@=\dimen150
\tagwidth@=\dimen151
\totwidth@=\dimen152
\lineht@=\dimen153
\@envbody=\toks24
\multlinegap=\skip51
\multlinetaggap=\skip52
\mathdisplay@stack=\toks25
LaTeX Info: Redefining \[ on input line 2817.
LaTeX Info: Redefining \] on input line 2818.
)
("C:\Users\TS\AppData\Local\Programs\MiKTeX 2.9\tex\latex\amsfonts\amsfonts.sty
"
Package: amsfonts 2013/01/14 v3.01 Basic AMSFonts support
\symAMSa=\mathgroup4
\symAMSb=\mathgroup5
LaTeX Font Info:    Overwriting math alphabet `\mathfrak' in version `bold'
(Font)                  U/euf/m/n --> U/euf/b/n on input line 106.
)
("C:\Users\TS\AppData\Local\Programs\MiKTeX 2.9\tex\latex\extsizes\extsizes.sty
"
Package: extsizes 1996/10/08 v1.0 Non Standard LaTeX Package


Package ExtSizes Warning: It is better to use one of the extsizes classes,
 if you can.

("C:\Users\TS\AppData\Local\Programs\MiKTeX 2.9\tex\latex\base\size12.clo"
File: size12.clo 2014/09/29 v1.4h Standard LaTeX file (size option)
))
("C:\Users\TS\AppData\Local\Programs\MiKTeX 2.9\tex\latex\fancyvrb\fancyvrb.sty
"
Package: fancyvrb 2008/02/07

Style option: `fancyvrb' v2.7a, with DG/SPQR fixes, and firstline=lastline fix 
<2008/02/07> (tvz)
\FV@CodeLineNo=\count274
\FV@InFile=\read2
\FV@TabBox=\box48
\c@FancyVerbLine=\count275
\FV@StepNumber=\count276
\FV@OutFile=\write3
)
("C:\Users\TS\AppData\Local\Programs\MiKTeX 2.9\tex\latex\graphics\epsfig.sty"
Package: epsfig 2017/06/25 v1.7b (e)psfig emulation (SPQR)
\epsfxsize=\dimen154
\epsfysize=\dimen155
) ("C:\Users\TS\AppData\Local\Programs\MiKTeX 2.9\tex\latex\pstricks\pstricks.s
ty"
Package: pstricks 2017/09/17 v0.65 LaTeX wrapper for `PSTricks' (RN,HV)
 ("C:\Users\TS\AppData\Local\Programs\MiKTeX 2.9\tex\latex\iftex\iftex.sty"
Package: iftex 2013/04/04 v0.2 Provides if(tex) conditional for PDFTeX, XeTeX, 
and LuaTeX
)
("C:\Users\TS\AppData\Local\Programs\MiKTeX 2.9\tex\generic\xkeyval\pst-xkey.te
x"
File: pst-xkey.tex 2005/11/25 v1.6 PSTricks specialization of xkeyval (HA)
 ("C:\Users\TS\AppData\Local\Programs\MiKTeX 2.9\tex\latex\xkeyval\xkeyval.sty"
Package: xkeyval 2014/12/03 v2.7a package option processing (HA)

("C:\Users\TS\AppData\Local\Programs\MiKTeX 2.9\tex\generic\xkeyval\xkeyval.tex
"
("C:\Users\TS\AppData\Local\Programs\MiKTeX 2.9\tex\generic\xkeyval\xkvutils.te
x"
\XKV@toks=\toks26
\XKV@tempa@toks=\toks27
)
\XKV@depth=\count277
File: xkeyval.tex 2014/12/03 v2.7a key=value parser (HA)
)))
("C:\Users\TS\AppData\Local\Programs\MiKTeX 2.9\tex\generic\pstricks\pstricks.t
ex"
("C:\Users\TS\AppData\Local\Programs\MiKTeX 2.9\tex\generic\pstricks\pst-fp.tex
" `pst-fp' v0.05, 2010/01/17 (hv)
\pstFP@xs=\count278
\pstFP@xia=\count279
\pstFP@xib=\count280
\pstFP@xfa=\count281
\pstFP@xfb=\count282
\pstFP@rega=\count283
\pstFP@regb=\count284
\pstFP@regs=\count285
\pstFP@times=\count286
)
("C:\Users\TS\AppData\Local\Programs\MiKTeX 2.9\tex\generic\pgf\utilities\pgfut
il-common.tex"
\pgfutil@everybye=\toks28
\pgfutil@tempdima=\dimen156
\pgfutil@tempdimb=\dimen157

("C:\Users\TS\AppData\Local\Programs\MiKTeX 2.9\tex\generic\pgf\utilities\pgfut
il-common-lists.tex"))
("C:\Users\TS\AppData\Local\Programs\MiKTeX 2.9\tex\generic\pgf\utilities\pgfke
ys.code.tex"
\pgfkeys@pathtoks=\toks29
\pgfkeys@temptoks=\toks30

("C:\Users\TS\AppData\Local\Programs\MiKTeX 2.9\tex\generic\pgf\utilities\pgfke
ysfiltered.code.tex"
\pgfkeys@tmptoks=\toks31
))
("C:\Users\TS\AppData\Local\Programs\MiKTeX 2.9\tex\generic\pgf\utilities\pgffo
r.code.tex"
("C:\Users\TS\AppData\Local\Programs\MiKTeX 2.9\tex\generic\pgf\math\pgfmath.co
de.tex"
("C:\Users\TS\AppData\Local\Programs\MiKTeX 2.9\tex\generic\pgf\math\pgfmathcal
c.code.tex"
("C:\Users\TS\AppData\Local\Programs\MiKTeX 2.9\tex\generic\pgf\math\pgfmathuti
l.code.tex"
\pgf@x=\dimen158
\pgf@xa=\dimen159
\pgf@xb=\dimen160
\pgf@xc=\dimen161
\pgf@y=\dimen162
\pgf@ya=\dimen163
\pgf@yb=\dimen164
\pgf@yc=\dimen165
\c@pgf@counta=\count287
\c@pgf@countb=\count288
\c@pgf@countc=\count289
\c@pgf@countd=\count290
\pgfutil@tempcnta=\count291
\pgfutil@tempcntb=\count292
)
("C:\Users\TS\AppData\Local\Programs\MiKTeX 2.9\tex\generic\pgf\math\pgfmathpar
ser.code.tex"
\pgfmath@dimen=\dimen166
\pgfmath@count=\count293
\pgfmath@box=\box49
\pgfmath@toks=\toks32
\pgfmath@stack@operand=\toks33
\pgfmath@stack@operation=\toks34
)
("C:\Users\TS\AppData\Local\Programs\MiKTeX 2.9\tex\generic\pgf\math\pgfmathfun
ctions.code.tex"
("C:\Users\TS\AppData\Local\Programs\MiKTeX 2.9\tex\generic\pgf\math\pgfmathfun
ctions.basic.code.tex")
("C:\Users\TS\AppData\Local\Programs\MiKTeX 2.9\tex\generic\pgf\math\pgfmathfun
ctions.trigonometric.code.tex")
("C:\Users\TS\AppData\Local\Programs\MiKTeX 2.9\tex\generic\pgf\math\pgfmathfun
ctions.random.code.tex")
("C:\Users\TS\AppData\Local\Programs\MiKTeX 2.9\tex\generic\pgf\math\pgfmathfun
ctions.comparison.code.tex")
("C:\Users\TS\AppData\Local\Programs\MiKTeX 2.9\tex\generic\pgf\math\pgfmathfun
ctions.base.code.tex")
("C:\Users\TS\AppData\Local\Programs\MiKTeX 2.9\tex\generic\pgf\math\pgfmathfun
ctions.round.code.tex")
("C:\Users\TS\AppData\Local\Programs\MiKTeX 2.9\tex\generic\pgf\math\pgfmathfun
ctions.misc.code.tex")
("C:\Users\TS\AppData\Local\Programs\MiKTeX 2.9\tex\generic\pgf\math\pgfmathfun
ctions.integerarithmetics.code.tex")))
("C:\Users\TS\AppData\Local\Programs\MiKTeX 2.9\tex\generic\pgf\math\pgfmathflo
at.code.tex"
\c@pgfmathroundto@lastzeros=\count294
))
\pgffor@iter=\dimen167
\pgffor@skip=\dimen168
\pgffor@stack=\toks35
\pgffor@toks=\toks36
)
\psLoopIndex=\count295

`PSTricks' v2.77  <2017/10/04> (tvz)
\pst@dima=\dimen169
\pst@dimb=\dimen170
\pst@dimc=\dimen171
\pst@dimd=\dimen172
\pst@dimg=\dimen173
\pst@dimh=\dimen174
\pst@dimm=\dimen175
\pst@dimn=\dimen176
\pst@dimo=\dimen177
\pst@dimp=\dimen178
\pst@hbox=\box50
\pst@ibox=\box51
\pst@boxg=\box52
\pst@cnta=\count296
\pst@cntb=\count297
\pst@cntc=\count298
\pst@cntd=\count299
\pst@cntg=\count300
\pst@cnth=\count301
\pst@cntm=\count302
\pst@cntn=\count303
\pst@cnto=\count304
\pst@cntp=\count305
\@zero=\count306
\pst@toks=\toks37

("C:\Users\TS\AppData\Local\Programs\MiKTeX 2.9\tex\xelatex\xetex-pstricks\pstr
icks.con"
("C:\Users\TS\AppData\Local\Programs\MiKTeX 2.9\tex\generic\pstricks\xdvipdfmx.
cfg"))
\psunit=\dimen179
\psxunit=\dimen180
\psyunit=\dimen181
\pst@C@@rType=\count307
\pslinewidth=\dimen182
\psk@startLW=\dimen183
\psk@endLW=\dimen184
\pst@customdefs=\toks38
\pslinearc=\dimen185
\pst@symbolStep=\dimen186
\pst@symbolWidth=\dimen187
\pst@symbolLinewidth=\dimen188
\everypsbox=\toks39
\psframesep=\dimen189
\pslabelsep=\dimen190
\sh@wgridXunit=\dimen191
\sh@wgridYunit=\dimen192
\pst@shift=\dimen193

("C:\Users\TS\AppData\Local\Programs\MiKTeX 2.9\tex\xelatex\xetex-pstricks\pstr
icks.con"
("C:\Users\TS\AppData\Local\Programs\MiKTeX 2.9\tex\generic\pstricks\xdvipdfmx.
cfg"
Using PSTricks configuration for XeTeX+xdvipdfmx
)))
File: pstricks.tex 2017/10/04 v2.77 `PSTricks' (tvz,hv)

("C:\Users\TS\AppData\Local\Programs\MiKTeX 2.9\tex\generic\pstricks\pst-fp.tex
")
File: pst-fp.tex 2017/10/04 v2.77 `PST-fp' (hv)
)
("C:\Users\TS\AppData\Local\Programs\MiKTeX 2.9\tex\latex\pst-grad\pst-grad.sty
"
Package: pst-grad 2004/07/15 package wrapper for pst-grad.tex (hv)

("C:\Users\TS\AppData\Local\Programs\MiKTeX 2.9\tex\generic\pst-grad\pst-grad.t
ex" `pst-grad' v1.06, 2006/11/27 (tvz,dg,hv))
File: pst-grad.tex 2006/11/27 1.06 `pst-grad' (tvz)
)
("C:\Users\TS\AppData\Local\Programs\MiKTeX 2.9\tex\latex\pst-plot\pst-plot.sty
"
Package: pst-plot 2011/06/05 v1.00 LaTeX wrapper for `pst-plot' (HV)
 ("C:\Users\TS\AppData\Local\Programs\MiKTeX 2.9\tex\latex\xkeyval\pst-xkey.sty
"
Package: pst-xkey 2005/11/25 v1.6 package wrapper for pst-xkey.tex (HA)
)
("C:\Users\TS\AppData\Local\Programs\MiKTeX 2.9\tex\latex\multido\multido.sty"
Package: multido 2004/05/17 package wrapper for PSTricks `multido.tex', (HV/RN)


("C:\Users\TS\AppData\Local\Programs\MiKTeX 2.9\tex\generic\multido\multido.tex
"  v1.42, 2010/05/14 <tvz>
\multido@count=\count308
\multidocount=\count309
\multido@stuff=\toks40
)
File: multido.tex 2010/05/14 v1.42 `multido' (tvz,hv)
)
Package: pst-plot 2011/04/13 package wrapper for pst-plot.tex (hv)

("C:\Users\TS\AppData\Local\Programs\MiKTeX 2.9\tex\generic\pst-plot\pst-plot.t
ex"
("C:\Users\TS\AppData\Local\Programs\MiKTeX 2.9\tex\generic\pst-tools\pst-tools
.tex" `PST-tools' v0.09b, 2017/12/03 (hv))
("C:\Users\TS\AppData\Local\Programs\MiKTeX 2.9\tex\generic\pstricks-add\pstric
ks-add.tex"
("C:\Users\TS\AppData\Local\Programs\MiKTeX 2.9\tex\generic\pst-node\pst-node.t
ex"  v1.41, 2017/12/30
\psrow=\count310
\pscol=\count311
\psmatrixcnt=\count312
\psrowsep=\skip53
\pscolsep=\skip54
\pst@args=\count313
\num@pts=\count314
\pst@argcnt=\count315
)
("C:\Users\TS\AppData\Local\Programs\MiKTeX 2.9\tex\generic\pst-arrow\pst-arrow
.tex" `pst-arrow' v0.01, 2016/09/01 (dr,hv)
\pshooklength=\dimen194
\pshookwidth=\dimen195
)
("C:\Users\TS\AppData\Local\Programs\MiKTeX 2.9\tex\generic\pst-3d\pst-3d.tex"
`PST-3d' v1.11, 2010/02/14 (tvz))
("C:\Users\TS\AppData\Local\Programs\MiKTeX 2.9\tex\generic\pst-math\pst-math.t
ex" `pst-math' v0.63 , (CJ,hv)) `pstricks-add' v3.85a, 2018/02/03 (dr,hv)
\psparallelogramsep=\dimen196
\pst@cntC=\count316
\pst@stepcount=\count317
\chart@ColorIndex=\dimen197
\chart@ColorStep=\dimen198
\pst@chartHeight=\dimen199
\pst@chartStackDepth=\dimen256
\pst@chartStackWidth=\dimen257
\chart@Toggle=\count318
\psVectorCtr=\count319
)
 v1.89, 2018/02/18 (tvz,hv)
\pstRadUnit=\dimen258
\pstRadUnitInv=\dimen259
\pst@linecnt=\count320
\RCD@file=\read3
\psxlabelsep=\dimen260
\psylabelsep=\dimen261
\psk@subticksize=\dimen262
\pst@xticksizeA=\dimen263
\pst@xticksizeB=\dimen264
\pst@xticksizeC=\dimen265
\pst@yticksizeA=\dimen266
\pst@yticksizeB=\dimen267
\pst@yticksizeC=\dimen268
\@digitcounter=\count321
\psk@llx=\dimen269
\psk@lly=\dimen270
\psk@urx=\dimen271
\psk@ury=\dimen272
\pst@xunit=\dimen273
\pst@yunit=\dimen274
)
File: pst-plot.tex 2018/02/18 1.89 `pst-plot' (tvz,hv)
)
("C:\Users\TS\AppData\Local\Programs\MiKTeX 2.9\tex\latex\eskdi\eskdi.sty"
Package: eskdi 2017/02/11 v4.2 Unified system for design documentation

("C:\Users\TS\AppData\Local\Programs\MiKTeX 2.9\tex\latex\base\ifthen.sty"
Package: ifthen 2014/09/29 v1.1c Standard LaTeX ifthen package (DPC)
)
("C:\Users\TS\AppData\Local\Programs\MiKTeX 2.9\tex\latex\bigfoot\suffix.sty"
Package: suffix 2006/07/15 1.5a Variant command support
)
("C:\Users\TS\AppData\Local\Programs\MiKTeX 2.9\tex\latex\xifthen\xifthen.sty"
Package: xifthen 2015/11/05 v1.4.0 Extended ifthen features

("C:\Users\TS\AppData\Local\Programs\MiKTeX 2.9\tex\latex\tools\calc.sty"
Package: calc 2014/10/28 v4.3 Infix arithmetic (KKT,FJ)
\calc@Acount=\count322
\calc@Bcount=\count323
\calc@Adimen=\dimen275
\calc@Bdimen=\dimen276
\calc@Askip=\skip55
\calc@Bskip=\skip56
LaTeX Info: Redefining \setlength on input line 80.
LaTeX Info: Redefining \addtolength on input line 81.
\calc@Ccount=\count324
\calc@Cskip=\skip57
)
("C:\Users\TS\AppData\Local\Programs\MiKTeX 2.9\tex\latex\ifmtarg\ifmtarg.sty"
Package: ifmtarg 2009/09/02 v1.2a check for an empty argument
)) ("C:\Users\TS\AppData\Local\Programs\MiKTeX 2.9\tex\latex\eskdi\G2-105-95.st
y"
Package: G2-105-95 2017/02/11 v4.0 General reqs.
 ("C:\Users\TS\AppData\Local\Programs\MiKTeX 2.9\tex\latex\float\float.sty"
Package: float 2001/11/08 v1.3d Float enhancements (AL)
\c@float@type=\count325
\float@exts=\toks41
\float@box=\box53
\@float@everytoks=\toks42
\@floatcapt=\box54
)
("C:\Users\TS\AppData\Local\Programs\MiKTeX 2.9\tex\latex\graphics\rotating.sty
"
Package: rotating 2016/08/11 v2.16d rotated objects in LaTeX
\c@r@tfl@t=\count326
\rotFPtop=\skip58
\rotFPbot=\skip59
\rot@float@box=\box55
\rot@mess@toks=\toks43
)
("C:\Users\TS\AppData\Local\Programs\MiKTeX 2.9\tex\latex\geometry\geometry.sty
"
Package: geometry 2010/09/12 v5.6 Page Geometry
\Gm@cnth=\count327
\Gm@cntv=\count328
\c@Gm@tempcnt=\count329
\Gm@bindingoffset=\dimen277
\Gm@wd@mp=\dimen278
\Gm@odd@mp=\dimen279
\Gm@even@mp=\dimen280
\Gm@layoutwidth=\dimen281
\Gm@layoutheight=\dimen282
\Gm@layouthoffset=\dimen283
\Gm@layoutvoffset=\dimen284
\Gm@dimlist=\toks44

("C:\Users\TS\AppData\Local\Programs\MiKTeX 2.9\tex\xelatex\xetexconfig\geometr
y.cfg"))
("C:\Users\TS\AppData\Local\Programs\MiKTeX 2.9\tex\latex\caption\caption.sty"
Package: caption 2016/02/21 v3.3-144 Customizing captions (AR)

("C:\Users\TS\AppData\Local\Programs\MiKTeX 2.9\tex\latex\caption\caption3.sty"
Package: caption3 2016/05/22 v1.7-166 caption3 kernel (AR)
Package caption3 Info: TeX engine: e-TeX on input line 67.
\captionmargin=\dimen285
\captionmargin@=\dimen286
\captionwidth=\dimen287
\caption@tempdima=\dimen288
\caption@indent=\dimen289
\caption@parindent=\dimen290
\caption@hangindent=\dimen291
)
\c@ContinuedFloat=\count330
Package caption Info: float package is loaded.
Package caption Info: hyperref package is loaded.
Package caption Info: rotating package is loaded.
)
\c@gostenumerateCount=\count331
)
\c@equationI=\count332

("C:\Users\TS\AppData\Local\Programs\MiKTeX 2.9\tex\latex\eskdi\G2-104-68_empty
stamp_twoside.sty"
("C:\Users\TS\AppData\Local\Programs\MiKTeX 2.9\tex\latex\eso-pic\eso-pic.sty"
Package: eso-pic 2018/04/12 v2.0h eso-pic (RN)
) ("C:\Users\TS\AppData\Local\Programs\MiKTeX 2.9\tex\latex\ms\everyshi.sty"
Package: everyshi 2001/05/15 v3.00 EveryShipout Package (MS)
)
("C:\Users\TS\AppData\Local\Programs\MiKTeX 2.9\tex\latex\lastpage\lastpage.sty
"
Package: lastpage 2015/03/29 v1.2m Refers to last page's name (HMM; JPG)
)
("C:\Users\TS\AppData\Local\Programs\MiKTeX 2.9\tex\latex\everypage\everypage.s
ty"
Package: everypage 2007/06/20 1.1 Hooks to run on every page
)
("C:\Users\TS\AppData\Local\Programs\MiKTeX 2.9\tex\latex\eskdi\for_all_styles.
sty"
Package: for_all_styles 2017/02/11 v4.2 GOST Frames
\gostorigline=\skip60
\gostadnomin=\skip61
\newgostboxik=\box56
\dx=\skip62
\dy=\skip63
\c@StampACounter=\count333
\g__fontspec_family_TimesNewRoman_int=\count334
.................................................
. fontspec info: "defining-font"
. 
. Font family 'TimesNewRoman(0)' created for font 'Times New Roman' with
. options [Ligatures=TeX].
.  
.  This font family consists of the following NFSS series/shapes:
.  
. - 'normal' (m/n) with NFSS spec.: <->"Times New
. Roman/OT:script=latn;language=DFLT;mapping=tex-text;"
. - 'small caps'  (m/sc) with NFSS spec.: <->"Times New
. Roman/OT:script=latn;language=DFLT;+smcp;mapping=tex-text;"
. - 'bold' (bx/n) with NFSS spec.: <->"Times New
. Roman/B/OT:script=latn;language=DFLT;mapping=tex-text;"
. - 'bold small caps'  (bx/sc) with NFSS spec.: <->"Times New
. Roman/B/OT:script=latn;language=DFLT;+smcp;mapping=tex-text;"
. - 'italic' (m/it) with NFSS spec.: <->"Times New
. Roman/I/OT:script=latn;language=DFLT;mapping=tex-text;"
. - 'italic small caps'  (m/itsc) with NFSS spec.: <->"Times New
. Roman/I/OT:script=latn;language=DFLT;+smcp;mapping=tex-text;"
. - 'bold italic' (bx/it) with NFSS spec.: <->"Times New
. Roman/BI/OT:script=latn;language=DFLT;mapping=tex-text;"
. - 'bold italic small caps'  (bx/itsc) with NFSS spec.: <->"Times New
. Roman/BI/OT:script=latn;language=DFLT;+smcp;mapping=tex-text;"
.................................................
LaTeX Info: Redefining \rmfamily on input line 56.
\g__fontspec_family_Arial_int=\count335
.................................................
. fontspec info: "defining-font"
. 
. Font family 'Arial(0)' created for font 'Arial' with options
. [Ligatures=TeX].
.  
.  This font family consists of the following NFSS series/shapes:
.  
. - 'normal' (m/n) with NFSS spec.:
. <->"Arial/OT:script=latn;language=DFLT;mapping=tex-text;"
. - 'small caps'  (m/sc) with NFSS spec.:
. <->"Arial/OT:script=latn;language=DFLT;+smcp;mapping=tex-text;"
. - 'bold' (bx/n) with NFSS spec.:
. <->"Arial/B/OT:script=latn;language=DFLT;mapping=tex-text;"
. - 'bold small caps'  (bx/sc) with NFSS spec.:
. <->"Arial/B/OT:script=latn;language=DFLT;+smcp;mapping=tex-text;"
. - 'italic' (m/it) with NFSS spec.:
. <->"Arial/I/OT:script=latn;language=DFLT;mapping=tex-text;"
. - 'italic small caps'  (m/itsc) with NFSS spec.:
. <->"Arial/I/OT:script=latn;language=DFLT;+smcp;mapping=tex-text;"
. - 'bold italic' (bx/it) with NFSS spec.:
. <->"Arial/BI/OT:script=latn;language=DFLT;mapping=tex-text;"
. - 'bold italic small caps'  (bx/itsc) with NFSS spec.:
. <->"Arial/BI/OT:script=latn;language=DFLT;+smcp;mapping=tex-text;"
.................................................
LaTeX Info: Redefining \sffamily on input line 57.
\g__fontspec_family_CourierNew_int=\count336
.................................................
. fontspec info: "defining-font"
. 
. Font family 'CourierNew(0)' created for font 'Courier New' with options
. [WordSpace={1,0,0},HyphenChar=None,PunctuationSpace=WordSpace].
.  
.  This font family consists of the following NFSS series/shapes:
.  
. - 'normal' (m/n) with NFSS spec.: <->"Courier
. New/OT:script=latn;language=DFLT;"
. - 'small caps'  (m/sc) with NFSS spec.: 
. and font adjustment code:
. \fontdimen 2\font =1\fontdimen 2\font \fontdimen 3\font =0\fontdimen 3\font
. \fontdimen 4\font =0\fontdimen 4\font \fontdimen 7\font =0\fontdimen 2\font
. \tex_hyphenchar:D \font =-1\scan_stop: 
. - 'bold' (bx/n) with NFSS spec.: <->"Courier
. New/B/OT:script=latn;language=DFLT;"
. - 'bold small caps'  (bx/sc) with NFSS spec.: 
. and font adjustment code:
. \fontdimen 2\font =1\fontdimen 2\font \fontdimen 3\font =0\fontdimen 3\font
. \fontdimen 4\font =0\fontdimen 4\font \fontdimen 7\font =0\fontdimen 2\font
. \tex_hyphenchar:D \font =-1\scan_stop: 
. - 'italic' (m/it) with NFSS spec.: <->"Courier
. New/I/OT:script=latn;language=DFLT;"
. - 'italic small caps'  (m/itsc) with NFSS spec.: 
. and font adjustment code:
. \fontdimen 2\font =1\fontdimen 2\font \fontdimen 3\font =0\fontdimen 3\font
. \fontdimen 4\font =0\fontdimen 4\font \fontdimen 7\font =0\fontdimen 2\font
. \tex_hyphenchar:D \font =-1\scan_stop: 
. - 'bold italic' (bx/it) with NFSS spec.: <->"Courier
. New/BI/OT:script=latn;language=DFLT;"
. - 'bold italic small caps'  (bx/itsc) with NFSS spec.: 
. and font adjustment code:
. \fontdimen 2\font =1\fontdimen 2\font \fontdimen 3\font =0\fontdimen 3\font
. \fontdimen 4\font =0\fontdimen 4\font \fontdimen 7\font =0\fontdimen 2\font
. \tex_hyphenchar:D \font =-1\scan_stop: 
.................................................
LaTeX Info: Redefining \ttfamily on input line 58.
LaTeX Info: Redefining \rmfamily on input line 59.
\pcbdoclinethick=\skip64
\pcbdoclinethin=\skip65
)
Package: G2-104-68_emptystamp_twoside 2017/02/11 v4.2 GOST Frames
\c@evenpage=\count337
\c@clearpage=\count338
\c@MaketitleDef=\count339
\c@MakesecondDef=\count340
\c@MakeregChanges=\count341
)
("C:\Users\TS\AppData\Local\Programs\MiKTeX 2.9\tex\latex\eskdi\eskdi_G2-105-95
_emptystamp.sty"
Package: eskdi_G2-105-95_emptystamp 2017/02/11 v4.2 Unified system for design d
ocumentation
)
\c@sectionI=\count342
\c@subsectionI=\count343
\c@subsubsectionI=\count344
\c@paragraphI=\count345
\c@subparagraphI=\count346
\c@subsubparagraphI=\count347
\c@subsubparagraph=\count348
)
("C:\Users\TS\AppData\Local\Programs\MiKTeX 2.9\tex\latex\tools\array.sty"
Package: array 2016/10/06 v2.4d Tabular extension package (FMi)
\col@sep=\dimen292
\extrarowheight=\dimen293
\NC@list=\toks45
\extratabsurround=\skip66
\backup@length=\skip67
)
("C:\Users\TS\AppData\Local\Programs\MiKTeX 2.9\tex\latex\tools\tabularx.sty"
Package: tabularx 2016/02/03 v2.11 `tabularx' package (DPC)
\TX@col@width=\dimen294
\TX@old@table=\dimen295
\TX@old@col=\dimen296
\TX@target=\dimen297
\TX@delta=\dimen298
\TX@cols=\count349
\TX@ftn=\toks46
)
("C:\Users\TS\AppData\Local\Programs\MiKTeX 2.9\tex\latex\supertabular\supertab
ular.sty"
Package: supertabular 2004/02/20 v4.1e the supertabular environment
\c@tracingst=\count350
\ST@wd=\dimen299
\ST@rightskip=\skip68
\ST@leftskip=\skip69
\ST@parfillskip=\skip70
\ST@pageleft=\dimen300
\ST@headht=\dimen301
\ST@tailht=\dimen302
\ST@pagesofar=\dimen303
\ST@pboxht=\dimen304
\ST@lineht=\dimen305
\ST@stretchht=\dimen306
\ST@prevht=\dimen307
\ST@toadd=\dimen308
\ST@dimen=\dimen309
\ST@pbox=\box57
)
("C:\Users\TS\AppData\Local\Programs\MiKTeX 2.9\tex\latex\tools\longtable.sty"
Package: longtable 2014/10/28 v4.11 Multi-page Table package (DPC)
\LTleft=\skip71
\LTright=\skip72
\LTpre=\skip73
\LTpost=\skip74
\LTchunksize=\count351
\LTcapwidth=\dimen310
\LT@head=\box58
\LT@firsthead=\box59
\LT@foot=\box60
\LT@lastfoot=\box61
\LT@cols=\count352
\LT@rows=\count353
\c@LT@tables=\count354
\c@LT@chunks=\count355
\LT@p@ftn=\toks47
) ("C:\Users\TS\AppData\Local\Programs\MiKTeX 2.9\tex\latex\listings\listings.s
ty"
\lst@mode=\count356
\lst@gtempboxa=\box62
\lst@token=\toks48
\lst@length=\count357
\lst@currlwidth=\dimen311
\lst@column=\count358
\lst@pos=\count359
\lst@lostspace=\dimen312
\lst@width=\dimen313
\lst@newlines=\count360
\lst@lineno=\count361
\lst@maxwidth=\dimen314

("C:\Users\TS\AppData\Local\Programs\MiKTeX 2.9\tex\latex\listings\lstmisc.sty"
File: lstmisc.sty 2015/06/04 1.6 (Carsten Heinz)
\c@lstnumber=\count362
\lst@skipnumbers=\count363
\lst@framebox=\box63
)
("C:\Users\TS\AppData\Local\Programs\MiKTeX 2.9\tex\latex\listings\listings.cfg
"
File: listings.cfg 2015/06/04 1.6 listings configuration
))
Package: listings 2015/06/04 1.6 (Carsten Heinz)

("C:\Users\TS\AppData\Local\Programs\MiKTeX 2.9\tex\latex\listings\lstlang1.sty
"
File: lstlang1.sty 2015/06/04 1.6 listings language file
)
("C:\Users\TS\AppData\Local\Programs\MiKTeX 2.9\tex\latex\listings\lstlang2.sty
"
File: lstlang2.sty 2015/06/04 1.6 listings language file
)
("C:\Users\TS\AppData\Local\Programs\MiKTeX 2.9\tex\latex\listings\lstlang3.sty
"
File: lstlang3.sty 2015/06/04 1.6 listings language file
)
("C:\Users\TS\AppData\Local\Programs\MiKTeX 2.9\tex\latex\listings\lstmisc.sty"
File: lstmisc.sty 2015/06/04 1.6 (Carsten Heinz)
) ("C:\Users\TS\AppData\Local\Programs\MiKTeX 2.9\tex\latex\base\textcomp.sty"
Package: textcomp 2017/04/05 v2.0i Standard LaTeX package
Package textcomp Info: Sub-encoding information:
(textcomp)               5 = only ISO-Adobe without \textcurrency
(textcomp)               4 = 5 + \texteuro
(textcomp)               3 = 4 + \textohm
(textcomp)               2 = 3 + \textestimated + \textcurrency
(textcomp)               1 = TS1 - \textcircled - \t
(textcomp)               0 = TS1 (full)
(textcomp)             Font families with sub-encoding setting implement
(textcomp)             only a restricted character set as indicated.
(textcomp)             Family '?' is the default used for unknown fonts.
(textcomp)             See the documentation for details.
Package textcomp Info: Setting ? sub-encoding to TS1/1 on input line 79.

("C:\Users\TS\AppData\Local\Programs\MiKTeX 2.9\tex\latex\base\ts1enc.def"
File: ts1enc.def 2001/06/05 v3.0e (jk/car/fm) Standard LaTeX file
)
LaTeX Info: Redefining \oldstylenums on input line 334.
Package textcomp Info: Setting cmr sub-encoding to TS1/0 on input line 349.
Package textcomp Info: Setting cmss sub-encoding to TS1/0 on input line 350.
Package textcomp Info: Setting cmtt sub-encoding to TS1/0 on input line 351.
Package textcomp Info: Setting cmvtt sub-encoding to TS1/0 on input line 352.
Package textcomp Info: Setting cmbr sub-encoding to TS1/0 on input line 353.
Package textcomp Info: Setting cmtl sub-encoding to TS1/0 on input line 354.
Package textcomp Info: Setting ccr sub-encoding to TS1/0 on input line 355.
Package textcomp Info: Setting ptm sub-encoding to TS1/4 on input line 356.
Package textcomp Info: Setting pcr sub-encoding to TS1/4 on input line 357.
Package textcomp Info: Setting phv sub-encoding to TS1/4 on input line 358.
Package textcomp Info: Setting ppl sub-encoding to TS1/3 on input line 359.
Package textcomp Info: Setting pag sub-encoding to TS1/4 on input line 360.
Package textcomp Info: Setting pbk sub-encoding to TS1/4 on input line 361.
Package textcomp Info: Setting pnc sub-encoding to TS1/4 on input line 362.
Package textcomp Info: Setting pzc sub-encoding to TS1/4 on input line 363.
Package textcomp Info: Setting bch sub-encoding to TS1/4 on input line 364.
Package textcomp Info: Setting put sub-encoding to TS1/5 on input line 365.
Package textcomp Info: Setting uag sub-encoding to TS1/5 on input line 366.
Package textcomp Info: Setting ugq sub-encoding to TS1/5 on input line 367.
Package textcomp Info: Setting ul8 sub-encoding to TS1/4 on input line 368.
Package textcomp Info: Setting ul9 sub-encoding to TS1/4 on input line 369.
Package textcomp Info: Setting augie sub-encoding to TS1/5 on input line 370.
Package textcomp Info: Setting dayrom sub-encoding to TS1/3 on input line 371.
Package textcomp Info: Setting dayroms sub-encoding to TS1/3 on input line 372.

Package textcomp Info: Setting pxr sub-encoding to TS1/0 on input line 373.
Package textcomp Info: Setting pxss sub-encoding to TS1/0 on input line 374.
Package textcomp Info: Setting pxtt sub-encoding to TS1/0 on input line 375.
Package textcomp Info: Setting txr sub-encoding to TS1/0 on input line 376.
Package textcomp Info: Setting txss sub-encoding to TS1/0 on input line 377.
Package textcomp Info: Setting txtt sub-encoding to TS1/0 on input line 378.
Package textcomp Info: Setting lmr sub-encoding to TS1/0 on input line 379.
Package textcomp Info: Setting lmdh sub-encoding to TS1/0 on input line 380.
Package textcomp Info: Setting lmss sub-encoding to TS1/0 on input line 381.
Package textcomp Info: Setting lmssq sub-encoding to TS1/0 on input line 382.
Package textcomp Info: Setting lmvtt sub-encoding to TS1/0 on input line 383.
Package textcomp Info: Setting lmtt sub-encoding to TS1/0 on input line 384.
Package textcomp Info: Setting qhv sub-encoding to TS1/0 on input line 385.
Package textcomp Info: Setting qag sub-encoding to TS1/0 on input line 386.
Package textcomp Info: Setting qbk sub-encoding to TS1/0 on input line 387.
Package textcomp Info: Setting qcr sub-encoding to TS1/0 on input line 388.
Package textcomp Info: Setting qcs sub-encoding to TS1/0 on input line 389.
Package textcomp Info: Setting qpl sub-encoding to TS1/0 on input line 390.
Package textcomp Info: Setting qtm sub-encoding to TS1/0 on input line 391.
Package textcomp Info: Setting qzc sub-encoding to TS1/0 on input line 392.
Package textcomp Info: Setting qhvc sub-encoding to TS1/0 on input line 393.
Package textcomp Info: Setting futs sub-encoding to TS1/4 on input line 394.
Package textcomp Info: Setting futx sub-encoding to TS1/4 on input line 395.
Package textcomp Info: Setting futj sub-encoding to TS1/4 on input line 396.
Package textcomp Info: Setting hlh sub-encoding to TS1/3 on input line 397.
Package textcomp Info: Setting hls sub-encoding to TS1/3 on input line 398.
Package textcomp Info: Setting hlst sub-encoding to TS1/3 on input line 399.
Package textcomp Info: Setting hlct sub-encoding to TS1/5 on input line 400.
Package textcomp Info: Setting hlx sub-encoding to TS1/5 on input line 401.
Package textcomp Info: Setting hlce sub-encoding to TS1/5 on input line 402.
Package textcomp Info: Setting hlcn sub-encoding to TS1/5 on input line 403.
Package textcomp Info: Setting hlcw sub-encoding to TS1/5 on input line 404.
Package textcomp Info: Setting hlcf sub-encoding to TS1/5 on input line 405.
Package textcomp Info: Setting pplx sub-encoding to TS1/3 on input line 406.
Package textcomp Info: Setting pplj sub-encoding to TS1/3 on input line 407.
Package textcomp Info: Setting ptmx sub-encoding to TS1/4 on input line 408.
Package textcomp Info: Setting ptmj sub-encoding to TS1/4 on input line 409.
)
("C:\Users\TS\AppData\Local\Programs\MiKTeX 2.9\tex\latex\keystroke\keystroke.s
ty"
Package: keystroke 2010/04/23 v1.6 3D keystrokes (SuSE GmbH/RN)
\suse@key=\box64
\keystroke@left=\box65
\keystroke@right=\box66
\keystroke@middle=\box67
File: keystroke_left.pdf Graphic file (type pdf)
<use keystroke_left.pdf>
File: keystroke_middle.pdf Graphic file (type pdf)
<use keystroke_middle.pdf>
File: keystroke_right.pdf Graphic file (type pdf)
<use keystroke_right.pdf>
)
("C:\Users\TS\AppData\Local\Programs\MiKTeX 2.9\tex\latex\bytefield\bytefield.s
ty"
Package: bytefield 2017/09/15 v2.4 Network protocol diagrams
\bytefield@height=\skip75
\bytefield@height@increment=\skip76
\entire@bytefield@picture=\box68
\bf@bitwidth=\skip77
\bf@bitheight=\skip78
\units@wide=\skip79
\units@tall=\skip80
\units@high=\skip81
\header@xpos=\skip82
\c@header@val=\count364
\c@max@header@val=\count365
\curly@box=\box69
\wordlabelr@start=\skip83
\wordlabelr@end=\skip84
\wordlabell@start=\skip85
\wordlabell@end=\skip86
\total@lbox@width=\skip87
\label@box@width=\skip88
\label@box@height=\skip89
\word@label@box=\box70
)
("C:\Users\TS\AppData\Local\Programs\MiKTeX 2.9\tex\latex\filecontents\filecont
ents.sty"
Package: filecontents 2019/09/20 v1.5 Create an external file from within a LaT
eX document
)
("C:\Users\TS\AppData\Local\Programs\MiKTeX 2.9\tex\latex\pgf\frontendlayer\tik
z.sty"
("C:\Users\TS\AppData\Local\Programs\MiKTeX 2.9\tex\latex\pgf\basiclayer\pgf.st
y"
("C:\Users\TS\AppData\Local\Programs\MiKTeX 2.9\tex\latex\pgf\utilities\pgfrcs.
sty"
("C:\Users\TS\AppData\Local\Programs\MiKTeX 2.9\tex\generic\pgf\utilities\pgfut
il-common.tex"
\pgfutil@everybye=\toks49
\pgfutil@tempdima=\dimen315
\pgfutil@tempdimb=\dimen316

("C:\Users\TS\AppData\Local\Programs\MiKTeX 2.9\tex\generic\pgf\utilities\pgfut
il-common-lists.tex"))
("C:\Users\TS\AppData\Local\Programs\MiKTeX 2.9\tex\generic\pgf\utilities\pgfut
il-latex.def"
\pgfutil@abb=\box71
)
("C:\Users\TS\AppData\Local\Programs\MiKTeX 2.9\tex\generic\pgf\utilities\pgfrc
s.code.tex"
Package: pgfrcs 2015/08/07 v3.0.1a (rcs-revision 1.31)
))
Package: pgf 2015/08/07 v3.0.1a (rcs-revision 1.15)

("C:\Users\TS\AppData\Local\Programs\MiKTeX 2.9\tex\latex\pgf\basiclayer\pgfcor
e.sty"
("C:\Users\TS\AppData\Local\Programs\MiKTeX 2.9\tex\latex\pgf\systemlayer\pgfsy
s.sty"
("C:\Users\TS\AppData\Local\Programs\MiKTeX 2.9\tex\generic\pgf\systemlayer\pgf
sys.code.tex"
Package: pgfsys 2014/07/09 v3.0.1a (rcs-revision 1.48)

("C:\Users\TS\AppData\Local\Programs\MiKTeX 2.9\tex\generic\pgf\utilities\pgfke
ys.code.tex")
\pgf@x=\dimen317
\pgf@y=\dimen318
\pgf@xa=\dimen319
\pgf@ya=\dimen320
\pgf@xb=\dimen321
\pgf@yb=\dimen322
\pgf@xc=\dimen323
\pgf@yc=\dimen324
\w@pgf@writea=\write4
\r@pgf@reada=\read4
\c@pgf@counta=\count366
\c@pgf@countb=\count367
\c@pgf@countc=\count368
\c@pgf@countd=\count369
\t@pgf@toka=\toks50
\t@pgf@tokb=\toks51
\t@pgf@tokc=\toks52

("C:\Users\TS\AppData\Local\Programs\MiKTeX 2.9\tex\generic\pgf\systemlayer\pgf
.cfg"
File: pgf.cfg 2008/05/14  (rcs-revision 1.7)
)
Driver file for pgf: pgfsys-xetex.def

("C:\Users\TS\AppData\Local\Programs\MiKTeX 2.9\tex\generic\pgf\systemlayer\pgf
sys-xetex.def"
File: pgfsys-xetex.def 2014/07/09  (rcs-revision 1.11)

("C:\Users\TS\AppData\Local\Programs\MiKTeX 2.9\tex\generic\pgf\systemlayer\pgf
sys-dvipdfmx.def"
File: pgfsys-dvipdfmx.def 2014/07/09  (rcs-revision 1.14)

("C:\Users\TS\AppData\Local\Programs\MiKTeX 2.9\tex\generic\pgf\systemlayer\pgf
sys-common-pdf.def"
File: pgfsys-common-pdf.def 2013/10/10  (rcs-revision 1.13)
)
\pgfsys@objnum=\count370
)))
("C:\Users\TS\AppData\Local\Programs\MiKTeX 2.9\tex\generic\pgf\systemlayer\pgf
syssoftpath.code.tex"
File: pgfsyssoftpath.code.tex 2013/09/09  (rcs-revision 1.9)
\pgfsyssoftpath@smallbuffer@items=\count371
\pgfsyssoftpath@bigbuffer@items=\count372
)
("C:\Users\TS\AppData\Local\Programs\MiKTeX 2.9\tex\generic\pgf\systemlayer\pgf
sysprotocol.code.tex"
File: pgfsysprotocol.code.tex 2006/10/16  (rcs-revision 1.4)
))
("C:\Users\TS\AppData\Local\Programs\MiKTeX 2.9\tex\generic\pgf\basiclayer\pgfc
ore.code.tex"
Package: pgfcore 2010/04/11 v3.0.1a (rcs-revision 1.7)

("C:\Users\TS\AppData\Local\Programs\MiKTeX 2.9\tex\generic\pgf\math\pgfmath.co
de.tex")
("C:\Users\TS\AppData\Local\Programs\MiKTeX 2.9\tex\generic\pgf\basiclayer\pgfc
orepoints.code.tex"
File: pgfcorepoints.code.tex 2013/10/07  (rcs-revision 1.27)
\pgf@picminx=\dimen325
\pgf@picmaxx=\dimen326
\pgf@picminy=\dimen327
\pgf@picmaxy=\dimen328
\pgf@pathminx=\dimen329
\pgf@pathmaxx=\dimen330
\pgf@pathminy=\dimen331
\pgf@pathmaxy=\dimen332
\pgf@xx=\dimen333
\pgf@xy=\dimen334
\pgf@yx=\dimen335
\pgf@yy=\dimen336
\pgf@zx=\dimen337
\pgf@zy=\dimen338
)
("C:\Users\TS\AppData\Local\Programs\MiKTeX 2.9\tex\generic\pgf\basiclayer\pgfc
orepathconstruct.code.tex"
File: pgfcorepathconstruct.code.tex 2013/10/07  (rcs-revision 1.29)
\pgf@path@lastx=\dimen339
\pgf@path@lasty=\dimen340
)
("C:\Users\TS\AppData\Local\Programs\MiKTeX 2.9\tex\generic\pgf\basiclayer\pgfc
orepathusage.code.tex"
File: pgfcorepathusage.code.tex 2014/11/02  (rcs-revision 1.24)
\pgf@shorten@end@additional=\dimen341
\pgf@shorten@start@additional=\dimen342
)
("C:\Users\TS\AppData\Local\Programs\MiKTeX 2.9\tex\generic\pgf\basiclayer\pgfc
orescopes.code.tex"
File: pgfcorescopes.code.tex 2015/05/08  (rcs-revision 1.46)
\pgfpic=\box72
\pgf@hbox=\box73
\pgf@layerbox@main=\box74
\pgf@picture@serial@count=\count373
)
("C:\Users\TS\AppData\Local\Programs\MiKTeX 2.9\tex\generic\pgf\basiclayer\pgfc
oregraphicstate.code.tex"
File: pgfcoregraphicstate.code.tex 2014/11/02  (rcs-revision 1.12)
\pgflinewidth=\dimen343
)
("C:\Users\TS\AppData\Local\Programs\MiKTeX 2.9\tex\generic\pgf\basiclayer\pgfc
oretransformations.code.tex"
File: pgfcoretransformations.code.tex 2015/08/07  (rcs-revision 1.20)
\pgf@pt@x=\dimen344
\pgf@pt@y=\dimen345
\pgf@pt@temp=\dimen346
)
("C:\Users\TS\AppData\Local\Programs\MiKTeX 2.9\tex\generic\pgf\basiclayer\pgfc
orequick.code.tex"
File: pgfcorequick.code.tex 2008/10/09  (rcs-revision 1.3)
)
("C:\Users\TS\AppData\Local\Programs\MiKTeX 2.9\tex\generic\pgf\basiclayer\pgfc
oreobjects.code.tex"
File: pgfcoreobjects.code.tex 2006/10/11  (rcs-revision 1.2)
)
("C:\Users\TS\AppData\Local\Programs\MiKTeX 2.9\tex\generic\pgf\basiclayer\pgfc
orepathprocessing.code.tex"
File: pgfcorepathprocessing.code.tex 2013/09/09  (rcs-revision 1.9)
)
("C:\Users\TS\AppData\Local\Programs\MiKTeX 2.9\tex\generic\pgf\basiclayer\pgfc
orearrows.code.tex"
File: pgfcorearrows.code.tex 2015/05/14  (rcs-revision 1.43)
\pgfarrowsep=\dimen347
)
("C:\Users\TS\AppData\Local\Programs\MiKTeX 2.9\tex\generic\pgf\basiclayer\pgfc
oreshade.code.tex"
File: pgfcoreshade.code.tex 2013/07/15  (rcs-revision 1.15)
\pgf@max=\dimen348
\pgf@sys@shading@range@num=\count374
)
("C:\Users\TS\AppData\Local\Programs\MiKTeX 2.9\tex\generic\pgf\basiclayer\pgfc
oreimage.code.tex"
File: pgfcoreimage.code.tex 2013/07/15  (rcs-revision 1.18)

("C:\Users\TS\AppData\Local\Programs\MiKTeX 2.9\tex\generic\pgf\basiclayer\pgfc
oreexternal.code.tex"
File: pgfcoreexternal.code.tex 2014/07/09  (rcs-revision 1.21)
\pgfexternal@startupbox=\box75
))
("C:\Users\TS\AppData\Local\Programs\MiKTeX 2.9\tex\generic\pgf\basiclayer\pgfc
orelayers.code.tex"
File: pgfcorelayers.code.tex 2013/07/18  (rcs-revision 1.7)
)
("C:\Users\TS\AppData\Local\Programs\MiKTeX 2.9\tex\generic\pgf\basiclayer\pgfc
oretransparency.code.tex"
File: pgfcoretransparency.code.tex 2013/09/30  (rcs-revision 1.5)
)
("C:\Users\TS\AppData\Local\Programs\MiKTeX 2.9\tex\generic\pgf\basiclayer\pgfc
orepatterns.code.tex"
File: pgfcorepatterns.code.tex 2013/11/07  (rcs-revision 1.5)
)))
("C:\Users\TS\AppData\Local\Programs\MiKTeX 2.9\tex\generic\pgf\modules\pgfmodu
leshapes.code.tex"
File: pgfmoduleshapes.code.tex 2014/03/21  (rcs-revision 1.35)
\pgfnodeparttextbox=\box76
)
("C:\Users\TS\AppData\Local\Programs\MiKTeX 2.9\tex\generic\pgf\modules\pgfmodu
leplot.code.tex"
File: pgfmoduleplot.code.tex 2015/08/03  (rcs-revision 1.13)
)
("C:\Users\TS\AppData\Local\Programs\MiKTeX 2.9\tex\latex\pgf\compatibility\pgf
comp-version-0-65.sty"
Package: pgfcomp-version-0-65 2007/07/03 v3.0.1a (rcs-revision 1.7)
\pgf@nodesepstart=\dimen349
\pgf@nodesepend=\dimen350
)
("C:\Users\TS\AppData\Local\Programs\MiKTeX 2.9\tex\latex\pgf\compatibility\pgf
comp-version-1-18.sty"
Package: pgfcomp-version-1-18 2007/07/23 v3.0.1a (rcs-revision 1.1)
))
("C:\Users\TS\AppData\Local\Programs\MiKTeX 2.9\tex\latex\pgf\utilities\pgffor.
sty"
("C:\Users\TS\AppData\Local\Programs\MiKTeX 2.9\tex\latex\pgf\utilities\pgfkeys
.sty"
("C:\Users\TS\AppData\Local\Programs\MiKTeX 2.9\tex\generic\pgf\utilities\pgfke
ys.code.tex"))
("C:\Users\TS\AppData\Local\Programs\MiKTeX 2.9\tex\latex\pgf\math\pgfmath.sty"

("C:\Users\TS\AppData\Local\Programs\MiKTeX 2.9\tex\generic\pgf\math\pgfmath.co
de.tex"))
("C:\Users\TS\AppData\Local\Programs\MiKTeX 2.9\tex\generic\pgf\utilities\pgffo
r.code.tex"
Package: pgffor 2013/12/13 v3.0.1a (rcs-revision 1.25)

("C:\Users\TS\AppData\Local\Programs\MiKTeX 2.9\tex\generic\pgf\math\pgfmath.co
de.tex")
\pgffor@iter=\dimen351
\pgffor@skip=\dimen352
\pgffor@stack=\toks53
\pgffor@toks=\toks54
))
("C:\Users\TS\AppData\Local\Programs\MiKTeX 2.9\tex\generic\pgf\frontendlayer\t
ikz\tikz.code.tex"
Package: tikz 2015/08/07 v3.0.1a (rcs-revision 1.151)

("C:\Users\TS\AppData\Local\Programs\MiKTeX 2.9\tex\generic\pgf\libraries\pgfli
braryplothandlers.code.tex"
File: pgflibraryplothandlers.code.tex 2013/08/31 v3.0.1a (rcs-revision 1.20)
\pgf@plot@mark@count=\count375
\pgfplotmarksize=\dimen353
)
\tikz@lastx=\dimen354
\tikz@lasty=\dimen355
\tikz@lastxsaved=\dimen356
\tikz@lastysaved=\dimen357
\tikzleveldistance=\dimen358
\tikzsiblingdistance=\dimen359
\tikz@figbox=\box77
\tikz@figbox@bg=\box78
\tikz@tempbox=\box79
\tikz@tempbox@bg=\box80
\tikztreelevel=\count376
\tikznumberofchildren=\count377
\tikznumberofcurrentchild=\count378
\tikz@fig@count=\count379

("C:\Users\TS\AppData\Local\Programs\MiKTeX 2.9\tex\generic\pgf\modules\pgfmodu
lematrix.code.tex"
File: pgfmodulematrix.code.tex 2013/09/17  (rcs-revision 1.8)
\pgfmatrixcurrentrow=\count380
\pgfmatrixcurrentcolumn=\count381
\pgf@matrix@numberofcolumns=\count382
)
\tikz@expandcount=\count383

("C:\Users\TS\AppData\Local\Programs\MiKTeX 2.9\tex\generic\pgf\frontendlayer\t
ikz\libraries\tikzlibrarytopaths.code.tex"
File: tikzlibrarytopaths.code.tex 2008/06/17 v3.0.1a (rcs-revision 1.2)
)))
("C:\Users\TS\AppData\Local\Programs\MiKTeX 2.9\tex\latex\tikz-timing\tikz-timi
ng.sty"
Package: tikz-timing 2017/12/20 v0.7f Digital Timing Diagrams using TikZ

("C:\Users\TS\AppData\Local\Programs\MiKTeX 2.9\tex\generic\pgf\frontendlayer\t
ikz\libraries\tikzlibrarycalc.code.tex"
File: tikzlibrarycalc.code.tex 2013/07/15 v3.0.1a (rcs-revision 1.9)
)
("C:\Users\TS\AppData\Local\Programs\MiKTeX 2.9\tex\generic\pgf\frontendlayer\t
ikz\libraries\tikzlibrarybackgrounds.code.tex"
File: tikzlibrarybackgrounds.code.tex 2013/07/18 v3.0.1a (rcs-revision 1.3)
\pgf@layerbox@background=\box81
\pgf@layerboxsaved@background=\box82
)
("C:\Users\TS\AppData\Local\Programs\MiKTeX 2.9\tex\generic\pgf\frontendlayer\t
ikz\libraries\tikzlibrarydecorations.pathmorphing.code.tex"
("C:\Users\TS\AppData\Local\Programs\MiKTeX 2.9\tex\generic\pgf\frontendlayer\t
ikz\libraries\tikzlibrarydecorations.code.tex"
("C:\Users\TS\AppData\Local\Programs\MiKTeX 2.9\tex\generic\pgf\modules\pgfmodu
ledecorations.code.tex"
\pgfdecoratedcompleteddistance=\dimen360
\pgfdecoratedremainingdistance=\dimen361
\pgfdecoratedinputsegmentcompleteddistance=\dimen362
\pgfdecoratedinputsegmentremainingdistance=\dimen363
\pgf@decorate@distancetomove=\dimen364
\pgf@decorate@repeatstate=\count384
\pgfdecorationsegmentamplitude=\dimen365
\pgfdecorationsegmentlength=\dimen366
)
\tikz@lib@dec@box=\box83
)
("C:\Users\TS\AppData\Local\Programs\MiKTeX 2.9\tex\generic\pgf\libraries\decor
ations\pgflibrarydecorations.pathmorphing.code.tex"))
\tikztiming@numint=\count385
\tikztiming@numfrac=\count386
\tikztiming@xunit=\skip90
\tikztiming@yunit=\skip91
\tikztiming@debug=\count387
\c@tikztiming@nrows=\count388
\c@tikztimingrows=\count389
\c@tikztimingtrans=\count390
\c@tikztimingtranspos=\count391
)
("C:\Users\TS\AppData\Local\Programs\MiKTeX 2.9\tex\generic\pgf\frontendlayer\t
ikz\libraries\tikzlibrarypositioning.code.tex"
File: tikzlibrarypositioning.code.tex 2008/10/06 v3.0.1a (rcs-revision 1.7)
)
("C:\Users\TS\AppData\Local\Programs\MiKTeX 2.9\tex\generic\pgf\frontendlayer\t
ikz\libraries\tikzlibraryarrows.code.tex"
File: tikzlibraryarrows.code.tex 2008/01/09 v3.0.1a (rcs-revision 1.1)

("C:\Users\TS\AppData\Local\Programs\MiKTeX 2.9\tex\generic\pgf\libraries\pgfli
braryarrows.code.tex"
File: pgflibraryarrows.code.tex 2013/09/23 v3.0.1a (rcs-revision 1.16)
\arrowsize=\dimen367
))
("C:\Users\TS\AppData\Local\Programs\MiKTeX 2.9\tex\generic\pgf\frontendlayer\t
ikz\libraries\tikzlibraryautomata.code.tex"
File: tikzlibraryautomata.code.tex 2008/07/14 v3.0.1a (rcs-revision 1.3)

("C:\Users\TS\AppData\Local\Programs\MiKTeX 2.9\tex\generic\pgf\frontendlayer\t
ikz\libraries\tikzlibraryshapes.multipart.code.tex"
File: tikzlibraryshapes.multipart.code.tex 2008/01/09 v3.0.1a (rcs-revision 1.1
)

("C:\Users\TS\AppData\Local\Programs\MiKTeX 2.9\tex\generic\pgf\libraries\shape
s\pgflibraryshapes.multipart.code.tex"
File: pgflibraryshapes.multipart.code.tex 2010/01/07 v3.0.1a (rcs-revision 1.2)

\pgfnodepartlowerbox=\box84
\pgfnodeparttwobox=\box85
\pgfnodepartthreebox=\box86
\pgfnodepartfourbox=\box87
\pgfnodeparttwentybox=\box88
\pgfnodepartnineteenbox=\box89
\pgfnodeparteighteenbox=\box90
\pgfnodepartseventeenbox=\box91
\pgfnodepartsixteenbox=\box92
\pgfnodepartfifteenbox=\box93
\pgfnodepartfourteenbox=\box94
\pgfnodepartthirteenbox=\box95
\pgfnodeparttwelvebox=\box96
\pgfnodepartelevenbox=\box97
\pgfnodeparttenbox=\box98
\pgfnodepartninebox=\box99
\pgfnodeparteightbox=\box100
\pgfnodepartsevenbox=\box101
\pgfnodepartsixbox=\box102
\pgfnodepartfivebox=\box103
)))
("C:\Users\TS\AppData\Local\Programs\MiKTeX 2.9\tex\generic\pgf\frontendlayer\t
ikz\libraries\tikzlibraryplotmarks.code.tex"
File: tikzlibraryplotmarks.code.tex 2008/01/09 v3.0.1a (rcs-revision 1.1)

("C:\Users\TS\AppData\Local\Programs\MiKTeX 2.9\tex\generic\pgf\libraries\pgfli
braryplotmarks.code.tex"
File: pgflibraryplotmarks.code.tex 2015/08/03 v3.0.1a (rcs-revision 1.14)
))
("C:\Users\TS\AppData\Local\Programs\MiKTeX 2.9\tex\generic\pgf\frontendlayer\t
ikz\libraries\tikzlibraryshapes.code.tex"
File: tikzlibraryshapes.code.tex 2008/01/09 v3.0.1a (rcs-revision 1.1)

("C:\Users\TS\AppData\Local\Programs\MiKTeX 2.9\tex\generic\pgf\frontendlayer\t
ikz\libraries\tikzlibraryshapes.geometric.code.tex"
File: tikzlibraryshapes.geometric.code.tex 2008/01/09 v3.0.1a (rcs-revision 1.1
)

("C:\Users\TS\AppData\Local\Programs\MiKTeX 2.9\tex\generic\pgf\libraries\shape
s\pgflibraryshapes.geometric.code.tex"
File: pgflibraryshapes.geometric.code.tex 2008/06/26 v3.0.1a (rcs-revision 1.1)

))
("C:\Users\TS\AppData\Local\Programs\MiKTeX 2.9\tex\generic\pgf\frontendlayer\t
ikz\libraries\tikzlibraryshapes.misc.code.tex"
File: tikzlibraryshapes.misc.code.tex 2008/01/09 v3.0.1a (rcs-revision 1.1)

("C:\Users\TS\AppData\Local\Programs\MiKTeX 2.9\tex\generic\pgf\libraries\shape
s\pgflibraryshapes.misc.code.tex"
File: pgflibraryshapes.misc.code.tex 2013/07/18 v3.0.1a (rcs-revision 1.5)
))
("C:\Users\TS\AppData\Local\Programs\MiKTeX 2.9\tex\generic\pgf\frontendlayer\t
ikz\libraries\tikzlibraryshapes.symbols.code.tex"
File: tikzlibraryshapes.symbols.code.tex 2008/01/09 v3.0.1a (rcs-revision 1.1)

("C:\Users\TS\AppData\Local\Programs\MiKTeX 2.9\tex\generic\pgf\libraries\shape
s\pgflibraryshapes.symbols.code.tex"
File: pgflibraryshapes.symbols.code.tex 2013/09/11 v3.0.1a (rcs-revision 1.6)
))
("C:\Users\TS\AppData\Local\Programs\MiKTeX 2.9\tex\generic\pgf\frontendlayer\t
ikz\libraries\tikzlibraryshapes.arrows.code.tex"
File: tikzlibraryshapes.arrows.code.tex 2008/01/09 v3.0.1a (rcs-revision 1.1)

("C:\Users\TS\AppData\Local\Programs\MiKTeX 2.9\tex\generic\pgf\libraries\shape
s\pgflibraryshapes.arrows.code.tex"
File: pgflibraryshapes.arrows.code.tex 2008/06/26 v3.0.1a (rcs-revision 1.1)
))
("C:\Users\TS\AppData\Local\Programs\MiKTeX 2.9\tex\generic\pgf\frontendlayer\t
ikz\libraries\tikzlibraryshapes.callouts.code.tex"
("C:\Users\TS\AppData\Local\Programs\MiKTeX 2.9\tex\generic\pgf\libraries\shape
s\pgflibraryshapes.callouts.code.tex")))
("C:\Users\TS\AppData\Local\Programs\MiKTeX 2.9\tex\generic\pgf\frontendlayer\t
ikz\libraries\tikzlibrarysnakes.code.tex"
File: tikzlibrarysnakes.code.tex 2013/07/15 v3.0.1a (rcs-revision 1.7)


Package pgf Warning: Snakes have been superseded by decorations. Please use the
 decoration libraries instead of the snakes library on input line 14.


("C:\Users\TS\AppData\Local\Programs\MiKTeX 2.9\tex\generic\pgf\frontendlayer\t
ikz\libraries\tikzlibrarydecorations.pathreplacing.code.tex"
("C:\Users\TS\AppData\Local\Programs\MiKTeX 2.9\tex\generic\pgf\libraries\decor
ations\pgflibrarydecorations.pathreplacing.code.tex"))
("C:\Users\TS\AppData\Local\Programs\MiKTeX 2.9\tex\generic\pgf\frontendlayer\t
ikz\libraries\tikzlibrarydecorations.shapes.code.tex"
("C:\Users\TS\AppData\Local\Programs\MiKTeX 2.9\tex\generic\pgf\libraries\decor
ations\pgflibrarydecorations.shapes.code.tex")))
("C:\Users\TS\AppData\Local\Programs\MiKTeX 2.9\tex\latex\schemabloc\schemabloc
.sty"
Package: schemabloc 2006/12/29
Invalid UTF-8 byte or sequence at line 9 replaced by U+FFFD.
Invalid UTF-8 byte or sequence at line 9 replaced by U+FFFD.
Invalid UTF-8 byte or sequence at line 42 replaced by U+FFFD.
Invalid UTF-8 byte or sequence at line 183 replaced by U+FFFD.
Invalid UTF-8 byte or sequence at line 242 replaced by U+FFFD.
Invalid UTF-8 byte or sequence at line 242 replaced by U+FFFD.
)
("C:\Users\TS\AppData\Local\Programs\MiKTeX 2.9\tex\latex\makecell\makecell.sty
"
Package: makecell 2009/08/03 V0.1e Managing of Tab Column Heads and Cells
\rotheadsize=\dimen368
\c@nlinenum=\count392
\TeXr@lab=\toks55
)
("C:\Users\TS\AppData\Local\Programs\MiKTeX 2.9\tex\latex\colortbl\colortbl.sty
"
Package: colortbl 2018/12/12 v1.0d Color table columns (DPC)
\everycr=\toks56
\minrowclearance=\skip92
)
\g__fontspec_family_Consolas_int=\count393
.................................................
. fontspec info: "defining-font"
. 
. Font family 'Consolas(0)' created for font 'Consolas' with options
. [Scale=1.0].
.  
.  This font family consists of the following NFSS series/shapes:
.  
. - 'normal' (m/n) with NFSS spec.:
. <->s*[1.0]"Consolas/OT:script=latn;language=DFLT;"
. - 'small caps'  (m/sc) with NFSS spec.: 
. - 'bold' (bx/n) with NFSS spec.:
. <->s*[1.0]"Consolas/B/OT:script=latn;language=DFLT;"
. - 'bold small caps'  (bx/sc) with NFSS spec.: 
. - 'italic' (m/it) with NFSS spec.:
. <->s*[1.0]"Consolas/I/OT:script=latn;language=DFLT;"
. - 'italic small caps'  (m/itsc) with NFSS spec.: 
. - 'bold italic' (bx/it) with NFSS spec.:
. <->s*[1.0]"Consolas/BI/OT:script=latn;language=DFLT;"
. - 'bold italic small caps'  (bx/itsc) with NFSS spec.: 
.................................................
 (lab1.aux)
\openout1 = `lab1.aux'.

LaTeX Font Info:    Checking defaults for OML/cmm/m/it on input line 96.
LaTeX Font Info:    ... okay on input line 96.
LaTeX Font Info:    Checking defaults for T1/cmr/m/n on input line 96.
LaTeX Font Info:    ... okay on input line 96.
LaTeX Font Info:    Checking defaults for OT1/cmr/m/n on input line 96.
LaTeX Font Info:    ... okay on input line 96.
LaTeX Font Info:    Checking defaults for OMS/cmsy/m/n on input line 96.
LaTeX Font Info:    ... okay on input line 96.
LaTeX Font Info:    Checking defaults for TU/lmr/m/n on input line 96.
LaTeX Font Info:    ... okay on input line 96.
LaTeX Font Info:    Checking defaults for OMX/cmex/m/n on input line 96.
LaTeX Font Info:    ... okay on input line 96.
LaTeX Font Info:    Checking defaults for U/cmr/m/n on input line 96.
LaTeX Font Info:    ... okay on input line 96.
LaTeX Font Info:    Checking defaults for T2A/cmr/m/n on input line 96.
LaTeX Font Info:    ... okay on input line 96.
LaTeX Font Info:    Checking defaults for T3/cmr/m/n on input line 96.
LaTeX Font Info:    Try loading font information for T3+cmr on input line 96.

("C:\Users\TS\AppData\Local\Programs\MiKTeX 2.9\tex\latex\tipa\t3cmr.fd"
File: t3cmr.fd 2001/12/31 TIPA font definitions
)
LaTeX Font Info:    ... okay on input line 96.
LaTeX Font Info:    Checking defaults for PD1/pdf/m/n on input line 96.
LaTeX Font Info:    ... okay on input line 96.
LaTeX Font Info:    Checking defaults for PU/pdf/m/n on input line 96.
LaTeX Font Info:    ... okay on input line 96.
LaTeX Font Info:    Checking defaults for TS1/cmr/m/n on input line 96.
LaTeX Font Info:    Try loading font information for TS1+cmr on input line 96.

("C:\Users\TS\AppData\Local\Programs\MiKTeX 2.9\tex\latex\base\ts1cmr.fd"
File: ts1cmr.fd 2014/09/29 v2.5h Standard LaTeX font definitions
)
LaTeX Font Info:    ... okay on input line 96.
.................................................
. fontspec info: "setup-math"
. 
. Adjusting the maths setup (use [no-math] to avoid this).
.................................................
\symlegacymaths=\mathgroup6
LaTeX Font Info:    Overwriting symbol font `legacymaths' in version `bold'
(Font)                  OT1/cmr/m/n --> OT1/cmr/bx/n on input line 96.
LaTeX Font Info:    Redeclaring math accent \acute on input line 96.
LaTeX Font Info:    Redeclaring math accent \grave on input line 96.
LaTeX Font Info:    Redeclaring math accent \ddot on input line 96.
LaTeX Font Info:    Redeclaring math accent \tilde on input line 96.
LaTeX Font Info:    Redeclaring math accent \bar on input line 96.
LaTeX Font Info:    Redeclaring math accent \breve on input line 96.
LaTeX Font Info:    Redeclaring math accent \check on input line 96.
LaTeX Font Info:    Redeclaring math accent \hat on input line 96.
LaTeX Font Info:    Redeclaring math accent \dot on input line 96.
LaTeX Font Info:    Redeclaring math accent \mathring on input line 96.
LaTeX Font Info:    Redeclaring math symbol \Gamma on input line 96.
LaTeX Font Info:    Redeclaring math symbol \Delta on input line 96.
LaTeX Font Info:    Redeclaring math symbol \Theta on input line 96.
LaTeX Font Info:    Redeclaring math symbol \Lambda on input line 96.
LaTeX Font Info:    Redeclaring math symbol \Xi on input line 96.
LaTeX Font Info:    Redeclaring math symbol \Pi on input line 96.
LaTeX Font Info:    Redeclaring math symbol \Sigma on input line 96.
LaTeX Font Info:    Redeclaring math symbol \Upsilon on input line 96.
LaTeX Font Info:    Redeclaring math symbol \Phi on input line 96.
LaTeX Font Info:    Redeclaring math symbol \Psi on input line 96.
LaTeX Font Info:    Redeclaring math symbol \Omega on input line 96.
LaTeX Font Info:    Redeclaring math symbol \mathdollar on input line 96.
LaTeX Font Info:    Redeclaring symbol font `operators' on input line 96.
LaTeX Font Info:    Encoding `OT1' has changed to `TU' for symbol font
(Font)              `operators' in the math version `normal' on input line 96.
LaTeX Font Info:    Overwriting symbol font `operators' in version `normal'
(Font)                  OT1/cmr/m/n --> TU/TimesNewRoman(0)/m/n on input line 9
6.
LaTeX Font Info:    Encoding `OT1' has changed to `TU' for symbol font
(Font)              `operators' in the math version `bold' on input line 96.
LaTeX Font Info:    Overwriting symbol font `operators' in version `bold'
(Font)                  OT1/cmr/bx/n --> TU/TimesNewRoman(0)/m/n on input line 
96.
LaTeX Font Info:    Overwriting symbol font `operators' in version `normal'
(Font)                  TU/TimesNewRoman(0)/m/n --> TU/TimesNewRoman(0)/m/n on 
input line 96.
LaTeX Font Info:    Overwriting math alphabet `\mathit' in version `normal'
(Font)                  OT1/cmr/m/it --> TU/TimesNewRoman(0)/m/it on input line
 96.
LaTeX Font Info:    Overwriting math alphabet `\mathbf' in version `normal'
(Font)                  OT1/cmr/bx/n --> TU/TimesNewRoman(0)/bx/n on input line
 96.
LaTeX Font Info:    Overwriting math alphabet `\mathsf' in version `normal'
(Font)                  OT1/cmss/m/n --> TU/Arial(0)/m/n on input line 96.
LaTeX Font Info:    Overwriting math alphabet `\mathtt' in version `normal'
(Font)                  OT1/cmtt/m/n --> TU/CourierNew(0)/m/n on input line 96.

LaTeX Font Info:    Overwriting symbol font `operators' in version `bold'
(Font)                  TU/TimesNewRoman(0)/m/n --> TU/TimesNewRoman(0)/bx/n on
 input line 96.
LaTeX Font Info:    Overwriting math alphabet `\mathit' in version `bold'
(Font)                  OT1/cmr/bx/it --> TU/TimesNewRoman(0)/bx/it on input li
ne 96.
LaTeX Font Info:    Overwriting math alphabet `\mathsf' in version `bold'
(Font)                  OT1/cmss/bx/n --> TU/Arial(0)/bx/n on input line 96.
LaTeX Font Info:    Overwriting math alphabet `\mathtt' in version `bold'
(Font)                  OT1/cmtt/m/n --> TU/CourierNew(0)/bx/n on input line 96
.

*** you should *not* be loading the inputenc package
*** XeTeX expects the source to be in UTF8 encoding
*** some features of other encodings may conflict, resulting in poor output.
\AtBeginShipoutBox=\box104
Package hyperref Info: Link coloring OFF on input line 96.
("C:\Users\TS\AppData\Local\Programs\MiKTeX 2.9\tex\latex\hyperref\nameref.sty"
Package: nameref 2016/05/21 v2.44 Cross-referencing by name of section

("C:\Users\TS\AppData\Local\Programs\MiKTeX 2.9\tex\generic\oberdiek\gettitlest
ring.sty"
Package: gettitlestring 2016/05/16 v1.5 Cleanup title references (HO)
)
\c@section@level=\count394
)
LaTeX Info: Redefining \ref on input line 96.
LaTeX Info: Redefining \pageref on input line 96.
LaTeX Info: Redefining \nameref on input line 96.
 (lab1.out) (lab1.out)
\@outlinefile=\write5
\openout5 = `lab1.out'.


*geometry* detected driver: pdftex
*geometry* verbose mode - [ preamble ] result:
* driver: pdftex
* paper: a4paper
* layout: <same size as paper>
* layoutoffset:(h,v)=(0.0pt,0.0pt)
* modes: 
* h-part:(L,W,R)=(89.62709pt, 418.25368pt, 89.6271pt)
* v-part:(T,H,B)=(101.40665pt, 591.5302pt, 152.11pt)
* \paperwidth=597.50787pt
* \paperheight=845.04684pt
* \textwidth=497.92322pt
* \textheight=702.78297pt
* \oddsidemargin=0.0pt
* \evensidemargin=0.0pt
* \topmargin=0.0pt
* \headheight=14.22636pt
* \headsep=19.91692pt
* \topskip=12.0pt
* \footskip=42.67912pt
* \marginparwidth=35.0pt
* \marginparsep=0.0pt
* \columnsep=10.0pt
* \skip\footins=10.8pt plus 4.0pt minus 2.0pt
* \hoffset=0.0pt
* \voffset=-39.83385pt
* \mag=1000
* \@twocolumnfalse
* \@twosidefalse
* \@mparswitchfalse
* \@reversemarginfalse
* (1in=72.27pt=25.4mm, 1cm=28.453pt)

Package caption Info: Begin \AtBeginDocument code.
Package caption Info: listings package is loaded.
Package caption Info: longtable package is loaded.
("C:\Users\TS\AppData\Local\Programs\MiKTeX 2.9\tex\latex\caption\ltcaption.sty
"
Package: ltcaption 2013/06/09 v1.4-94 longtable captions (AR)
)
Package caption Info: supertabular package is loaded.
Package caption Info: End \AtBeginDocument code.
 ABD: EveryShipout initializing macros
Package lastpage Info: Please have a look at the pageslts package at
(lastpage)             https://www.ctan.org/pkg/pageslts
(lastpage)             ! on input line 96.
\c@lstlisting=\count395

! Undefined control sequence.
<argument> ...ledocument \\ \vskip 1mm \@gostklgi 
                                                  \@@par 
l.110 ^^I^^I\maketitle
                      
The control sequence at the end of the top line
of your error message was never \def'ed. If you have
misspelled it (e.g., `\hobx'), type `I' and the correct
spelling (e.g., `I\hbox'). Otherwise just continue,
and I'll forget about whatever was undefined.

LaTeX Font Info:    Try loading font information for U+msa on input line 110.
("C:\Users\TS\AppData\Local\Programs\MiKTeX 2.9\tex\latex\amsfonts\umsa.fd"
File: umsa.fd 2013/01/14 v3.01 AMS symbols A
)
LaTeX Font Info:    Try loading font information for U+msb on input line 110.

("C:\Users\TS\AppData\Local\Programs\MiKTeX 2.9\tex\latex\amsfonts\umsb.fd"
File: umsb.fd 2013/01/14 v3.01 AMS symbols B
)
[1

]
Underfull \hbox (badness 10000) in paragraph at lines 113--114

 []

! Undefined control sequence.
<argument> ...empdima \@parboxrestore {\@gostklgi 
                                                  } \hfil \@@par 
l.115 ^^I^^I\section{ }
                                         
The control sequence at the end of the top line
of your error message was never \def'ed. If you have
misspelled it (e.g., `\hobx'), type `I' and the correct
spelling (e.g., `I\hbox'). Otherwise just continue,
and I'll forget about whatever was undefined.


Underfull \hbox (badness 10000) has occurred while \output is active
$[]$ $[]$ $[]$
 []


Underfull \hbox (badness 10000) has occurred while \output is active
 
 []

[2]
Underfull \hbox (badness 10000) in paragraph at lines 116--117

 []


Underfull \hbox (badness 10000) in paragraph at lines 131--132

 []


Underfull \hbox (badness 10000) in paragraph at lines 144--149

 []

File: --.png Graphic file (type bmp)
<--.png>
File: --1.png Graphic file (type bmp)
<--1.png>

Underfull \hbox (badness 10000) in paragraph at lines 150--155

 []

File: ---sin.png Graphic file (type bmp)
<---sin.png>
File: --sin.png Graphic file (type bmp)
<--sin.png>
! Undefined control sequence.
<argument> ... \hbox to \hsize {\hfil {\@gostklgi 
                                                  }}\@@par 
l.160 \end{figure}
                  
The control sequence at the end of the top line
of your error message was never \def'ed. If you have
misspelled it (e.g., `\hobx'), type `I' and the correct
spelling (e.g., `I\hbox'). Otherwise just continue,
and I'll forget about whatever was undefined.


Underfull \hbox (badness 10000) has occurred while \output is active
$[]$ $[]$ $[]$
 []


Underfull \hbox (badness 10000) has occurred while \output is active
 
 []

[3]
! Undefined control sequence.
<argument> ...empdima \@parboxrestore {\@gostklgi 
                                                  } \hfil \@@par 
l.161 
           ...
The control sequence at the end of the top line
of your error message was never \def'ed. If you have
misspelled it (e.g., `\hobx'), type `I' and the correct
spelling (e.g., `I\hbox'). Otherwise just continue,
and I'll forget about whatever was undefined.


Underfull \hbox (badness 10000) has occurred while \output is active
$[]$ $[]$ $[]$
 []


Underfull \hbox (badness 10000) has occurred while \output is active
 
 []

[4]
File: ---.png Graphic file (type bmp)
<---.png>
File: --.png Graphic file (type bmp)
<--.png>

Underfull \hbox (badness 10000) in paragraph at lines 161--169

 []

! Undefined control sequence.
<argument> ... \hbox to \hsize {\hfil {\@gostklgi 
                                                  }}\@@par 
l.169 \end{figure}
                  
The control sequence at the end of the top line
of your error message was never \def'ed. If you have
misspelled it (e.g., `\hobx'), type `I' and the correct
spelling (e.g., `I\hbox'). Otherwise just continue,
and I'll forget about whatever was undefined.


Underfull \hbox (badness 10000) has occurred while \output is active
$[]$ $[]$ $[]$
 []


Underfull \hbox (badness 10000) has occurred while \output is active
 
 []

[5]
! Undefined control sequence.
<argument> ...empdima \@parboxrestore {\@gostklgi 
                                                  } \hfil \@@par 
l.170 
      
The control sequence at the end of the top line
of your error message was never \def'ed. If you have
misspelled it (e.g., `\hobx'), type `I' and the correct
spelling (e.g., `I\hbox'). Otherwise just continue,
and I'll forget about whatever was undefined.


Underfull \hbox (badness 10000) has occurred while \output is active
$[]$ $[]$ $[]$
 []


Underfull \hbox (badness 10000) has occurred while \output is active
 
 []

[6]
! Undefined control sequence.
<argument> ... \hbox to \hsize {\hfil {\@gostklgi 
                                                  }}\@@par 
l.172 
            ...
The control sequence at the end of the top line
of your error message was never \def'ed. If you have
misspelled it (e.g., `\hobx'), type `I' and the correct
spelling (e.g., `I\hbox'). Otherwise just continue,
and I'll forget about whatever was undefined.


Underfull \hbox (badness 10000) has occurred while \output is active
$[]$ $[]$ $[]$
 []


Underfull \hbox (badness 10000) has occurred while \output is active
 
 []

[7]
File: -.png Graphic file (type bmp)
<-.png>
File: -1.png Graphic file (type bmp)
<-1.png>

Underfull \hbox (badness 10000) in paragraph at lines 172--179

 []

File: --sin.png Graphic file (type bmp)
<--sin.png>
File: -sin.png Graphic file (type bmp)
<-sin.png>
! Undefined control sequence.
<argument> ...empdima \@parboxrestore {\@gostklgi 
                                                  } \hfil \@@par 
l.184 \end{figure}
                  
The control sequence at the end of the top line
of your error message was never \def'ed. If you have
misspelled it (e.g., `\hobx'), type `I' and the correct
spelling (e.g., `I\hbox'). Otherwise just continue,
and I'll forget about whatever was undefined.


Underfull \hbox (badness 10000) has occurred while \output is active
$[]$ $[]$ $[]$
 []


Underfull \hbox (badness 10000) has occurred while \output is active
 
 []

[8]
Overfull \vbox (45.1205pt too high) has occurred while \output is active []


! Undefined control sequence.
<argument> ... \hbox to \hsize {\hfil {\@gostklgi 
                                                  }}\@@par 
l.184 \end{figure}
                  
The control sequence at the end of the top line
of your error message was never \def'ed. If you have
misspelled it (e.g., `\hobx'), type `I' and the correct
spelling (e.g., `I\hbox'). Otherwise just continue,
and I'll forget about whatever was undefined.


Underfull \hbox (badness 10000) has occurred while \output is active
$[]$ $[]$ $[]$
 []


Underfull \hbox (badness 10000) has occurred while \output is active
 
 []

[9]
File: --.png Graphic file (type bmp)
<--.png>
File: -.png Graphic file (type bmp)
<-.png>

Overfull \vbox (27.62418pt too high) has occurred while \output is active []


! Undefined control sequence.
<argument> ...empdima \@parboxrestore {\@gostklgi 
                                                  } \hfil \@@par 
l.189 \end{figure}
                  
The control sequence at the end of the top line
of your error message was never \def'ed. If you have
misspelled it (e.g., `\hobx'), type `I' and the correct
spelling (e.g., `I\hbox'). Otherwise just continue,
and I'll forget about whatever was undefined.


Underfull \hbox (badness 10000) has occurred while \output is active
$[]$ $[]$ $[]$
 []


Underfull \hbox (badness 10000) has occurred while \output is active
 
 []

[10]
Overfull \vbox (45.1205pt too high) has occurred while \output is active []


! Undefined control sequence.
<argument> ... \hbox to \hsize {\hfil {\@gostklgi 
                                                  }}\@@par 
l.190 
      
The control sequence at the end of the top line
of your error message was never \def'ed. If you have
misspelled it (e.g., `\hobx'), type `I' and the correct
spelling (e.g., `I\hbox'). Otherwise just continue,
and I'll forget about whatever was undefined.


Underfull \hbox (badness 10000) has occurred while \output is active
$[]$ $[]$ $[]$
 []


Underfull \hbox (badness 10000) has occurred while \output is active
 
 []

[11] 
AED: lastpage setting LastPage
! Undefined control sequence.
<argument> ...empdima \@parboxrestore {\@gostklgi 
                                                  } \hfil \@@par 
l.194 \end{document}
                    
The control sequence at the end of the top line
of your error message was never \def'ed. If you have
misspelled it (e.g., `\hobx'), type `I' and the correct
spelling (e.g., `I\hbox'). Otherwise just continue,
and I'll forget about whatever was undefined.


Underfull \hbox (badness 10000) has occurred while \output is active
$[]$ $[]$ $[]$
 []


Underfull \hbox (badness 10000) has occurred while \output is active
 
 []

[12]
Package atveryend Info: Empty hook `BeforeClearDocument' on input line 194.
Package atveryend Info: Empty hook `AfterLastShipout' on input line 194.
 (lab1.aux)
Package atveryend Info: Empty hook `AtVeryEndDocument' on input line 194.
Package atveryend Info: Empty hook `AtEndAfterFileList' on input line 194.


LaTeX Font Warning: Some font shapes were not available, defaults substituted.

Package atveryend Info: Empty hook `AtVeryVeryEnd' on input line 194.
 ) 
Here is how much of TeX's memory you used:
 46308 strings out of 427839
 898163 string characters out of 3149135
 1147063 words of memory out of 3000000
 49560 multiletter control sequences out of 15000+200000
 536319 words of font info for 72 fonts, out of 3000000 for 9000
 1328 hyphenation exceptions out of 8191
 75i,15n,112p,10439b,428s stack positions out of 5000i,500n,10000p,200000b,50000s

Output written on lab1.pdf (12 pages).
